dlopen error: libRIO.so: cannot open shared object file: No such file or directory
Load Error: Failed to load Dynamic link library /net/hisrv0001/home/yenjie/hiroot/lib/libhibase.so
*** Interpreter error recovered ***
dlopen error: libRIO.so: cannot open shared object file: No such file or directory
Load Error: Failed to load Dynamic link library /net/hisrv0001/home/yenjie/hiroot/lib/libhidata.so
*** Interpreter error recovered ***
dlopen error: libRIO.so: cannot open shared object file: No such file or directory
Load Error: Failed to load Dynamic link library /net/hisrv0001/home/yenjie/hiroot/lib/libgen.so
*** Interpreter error recovered ***
Error in <TGX11TTF::WriteGIF>: cannot write file:  ./output/plot400.gif
(class TCanvas*)0x168e470
(int)0
(class TCanvas*)0x8a7bc28
(int)0
(class TCanvas*)0x8a7bd90
(int)0
(class TCanvas*)0x8a7bef8
(int)0
(class TCanvas*)0x8a7c060
(int)0
(class TCanvas*)0x8a7c1c8
(int)0
(class TCanvas*)0x8a7c330
(int)0
(class TCanvas*)0x8a7c498
(int)0
(class TCanvas*)0x8a7c600
(int)0
(class TCanvas*)0x8a7c768
(int)0
(class TCanvas*)0x8a7c8d0
(int)0
(class TCanvas*)0x8a7ca38
(int)0
(class TCanvas*)0x8a7cba0
(int)0
(class TCanvas*)0x8a7cd08
(int)0
(class TCanvas*)0x8a7ce70
(int)0
(class TCanvas*)0x8a7cfd8
(int)0
(class TCanvas*)0x8a7d140
(int)0
(class TCanvas*)0x8a7d2a8
(int)0
(class TCanvas*)0x8a7d410
(int)0
(class TCanvas*)0x8a7d578
(int)0
(class TCanvas*)0x8a7d6e0
(int)0
(class TCanvas*)0x8a7d848
(int)0
(class TCanvas*)0x8a7d9b0
(int)0
(class TCanvas*)0x8a7db18
(int)0
(class TCanvas*)0x8a7dc80
(int)0
(class TCanvas*)0x8a7dde8
(int)0
(class TCanvas*)0x8a7df50
(int)0
(class TCanvas*)0x8a7e0b8
(int)0
(class TCanvas*)0x8a7e220
(int)0
(class TCanvas*)0x8a7e388
(int)0
(class TCanvas*)0x8a7e4f0
(int)0
(class TCanvas*)0x8a7e658
(int)0
(class TCanvas*)0x8a7e7c0
(int)0
(class TCanvas*)0x8a7e928
(int)0
(class TCanvas*)0x8a7ea90
(int)0
(class TCanvas*)0x8a7ebf8
(int)0
(class TCanvas*)0x8a7ed60
(int)0
(class TCanvas*)0x8a7eec8
(int)0
(class TCanvas*)0x8a7f030
(int)0
(class TCanvas*)0x8a7f198
(int)0
(class TCanvas*)0x8a7f300
(int)0
(class TCanvas*)0x8a7f468
(int)0
(class TCanvas*)0x8a7ea28
(int)0
(class TCanvas*)0x8a7eb90
(int)0
(class TCanvas*)0x8a7ecf8
(int)0
(class TCanvas*)0x8a7ee60
(int)0
(class TCanvas*)0x8a7efc8
(int)0
(class TCanvas*)0x8a7f130
(int)0
(class TCanvas*)0x8a7f298
(int)0
(class TCanvas*)0x8a7f400
(int)0
(class TCanvas*)0x8a7e9a0
(int)0
(class TCanvas*)0x8a7eb08
(int)0
(class TCanvas*)0x8a7ec70
(int)0
(class TCanvas*)0x8a7edd8
(int)0
(class TCanvas*)0x8a7ef40
(int)0
(class TCanvas*)0x8a7f0a8
(int)0
(class TCanvas*)0x8a7f210
(int)0
(class TCanvas*)0x8a7f378
(int)0
(class TCanvas*)0x8a7f4e0
(int)0
(class TCanvas*)0x8a7ea90
(int)0
(class TCanvas*)0x8a7ebf8
(int)0
(class TCanvas*)0x8a7ed60
(int)0
(class TCanvas*)0x8a7eec8
(int)0
(class TCanvas*)0x8a7f030
(int)0
(class TCanvas*)0x8a7f198
(int)0
(class TCanvas*)0x8a7f300
(int)0
(class TCanvas*)0x8a7f468
(int)0
(class TCanvas*)0x8a7ea28
(int)0
(class TCanvas*)0x8a7eb90
(int)0
(class TCanvas*)0x8a7ecf8
(int)0
(class TCanvas*)0x8a7ee60
(int)0
(class TCanvas*)0x8a7efc8
(int)0
(class TCanvas*)0x8a7f130
(int)0
(class TCanvas*)0x8a7f298
(int)0
(class TCanvas*)0x8a7f400
(int)0
(class TCanvas*)0x8a7e9a0
(int)0
(class TCanvas*)0x8a7eb08
(int)0
(class TCanvas*)0x8a7ec70
(int)0
(class TCanvas*)0x8a7edd8
(int)0
(class TCanvas*)0x8a7ef40
(int)0
(class TCanvas*)0x8a7f0a8
(int)0
(class TCanvas*)0x8a7f210
(int)0
(class TCanvas*)0x8a7f378
(int)0
(class TCanvas*)0x8a7f4e0
(int)0
(class TCanvas*)0x8a7ea90
(int)0
(class TCanvas*)0x8a7ebf8
(int)0
(class TCanvas*)0x8a7ed60
(int)0
(class TCanvas*)0x8a7eec8
(int)0
(class TCanvas*)0x8a7f030
(int)0
(class TCanvas*)0x8a7f198
(int)0
(class TCanvas*)0x8a7f300
(int)0
(class TCanvas*)0x8a7f468
(int)0
(class TCanvas*)0x8a7ea28
(int)0
(class TCanvas*)0x8a7eb90
(int)0
(class TCanvas*)0x8a7ecf8
(int)0
(class TCanvas*)0x8a7ee60
(int)0
(class TCanvas*)0x8a7efc8
(int)0
(class TCanvas*)0x8a7f130
(int)0
(class TCanvas*)0x8a7f298
(int)0
(class TCanvas*)0x8a7f400
(int)0
(class TCanvas*)0x8a7e9a0
(int)0
(class TCanvas*)0x8a7eb08
(int)0
(class TCanvas*)0x8a7ec70
(int)0
(class TCanvas*)0x8a7edd8
(int)0
(class TCanvas*)0x8a7ef40
(int)0
(class TCanvas*)0x8a7f0a8
(int)0
(class TCanvas*)0x8a7f210
(int)0
(class TCanvas*)0x8a7f378
(int)0
(class TCanvas*)0x8a7f4e0
(int)0
(class TCanvas*)0x8a7ea90
(int)0
(class TCanvas*)0x8a7ebf8
(int)0
(class TCanvas*)0x8a7ed60
(int)0
(class TCanvas*)0x8a7eec8
(int)0
(class TCanvas*)0x8a7f030
(int)0
(class TCanvas*)0x8a7f198
(int)0
(class TCanvas*)0x8a7f300
(int)0
(class TCanvas*)0x8a7f468
(int)0
(class TCanvas*)0x8a7ea28
(int)0
(class TCanvas*)0x8a7eb90
(int)0
(class TCanvas*)0x8a7ecf8
(int)0
(class TCanvas*)0x8a7ee60
(int)0
(class TCanvas*)0x8a7efc8
(int)0
(class TCanvas*)0x8a7f130
(int)0
(class TCanvas*)0x8a7f298
(int)0
(class TCanvas*)0x8a7f400
(int)0
(class TCanvas*)0x8a7e9a0
(int)0
(class TCanvas*)0x8a7eb08
(int)0
(class TCanvas*)0x8a7ec70
(int)0
(class TCanvas*)0x8a7edd8
(int)0
(class TCanvas*)0x8a7ef40
(int)0
(class TCanvas*)0x8a7f0a8
(int)0
(class TCanvas*)0x8a7f210
(int)0
(class TCanvas*)0x8a7f378
(int)0
(class TCanvas*)0x8a7f4e0
(int)0
(class TCanvas*)0x8a7ea90
(int)0
(class TCanvas*)0x8a7ebf8
(int)0
(class TCanvas*)0x8a7ed60
(int)0
(class TCanvas*)0x8a7eec8
(int)0
(class TCanvas*)0x8a7f030
(int)0
(class TCanvas*)0x8a7f198
(int)0
(class TCanvas*)0x8a7f300
(int)0
(class TCanvas*)0x8a7f468
(int)0
(class TCanvas*)0x8a7ea28
(int)0
(class TCanvas*)0x8a7eb90
(int)0
(class TCanvas*)0x8a7ecf8
(int)0
(class TCanvas*)0x8a7ee60
(int)0
(class TCanvas*)0x8a7efc8
(int)0
(class TCanvas*)0x8a7f130
(int)0
(class TCanvas*)0x8a7f298
(int)0
(class TCanvas*)0x8a7f400
(int)0
(class TCanvas*)0x8a7e9a0
(int)0
(class TCanvas*)0x8a7eb08
(int)0
(class TCanvas*)0x8a7ec70
(int)0
(class TCanvas*)0x8a7edd8
(int)0
(class TCanvas*)0x8a7ef40
(int)0
(class TCanvas*)0x8a7f0a8
(int)0
(class TCanvas*)0x8a7f210
(int)0
(class TCanvas*)0x8a7f378
(int)0
(class TCanvas*)0x8a7f4e0
(int)0
(class TCanvas*)0x8a7ea90
(int)0
(class TCanvas*)0x8a7ebf8
(int)0
(class TCanvas*)0x8a7ed60
(int)0
(class TCanvas*)0x8a7eec8
(int)0
(class TCanvas*)0x8a7f030
(int)0
(class TCanvas*)0x8a7f198
(int)0
(class TCanvas*)0x8a7f300
(int)0
(class TCanvas*)0x8a7f468
(int)0
(class TCanvas*)0x8a7ea28
(int)0
(class TCanvas*)0x8a7eb90
(int)0
(class TCanvas*)0x8a7ecf8
(int)0
(class TCanvas*)0x8a7ee60
(int)0
(class TCanvas*)0x8a7efc8
(int)0
(class TCanvas*)0x8a7f130
(int)0
(class TCanvas*)0x8a7f298
(int)0
(class TCanvas*)0x8a7f400
(int)0
(class TCanvas*)0x8a7e9a0
(int)0
(class TCanvas*)0x8a7eb08
(int)0
(class TCanvas*)0x8a7ec70
(int)0
(class TCanvas*)0x8a7edd8
(int)0
(class TCanvas*)0x8a7ef40
(int)0
(class TCanvas*)0x8a7f0a8
(int)0
(class TCanvas*)0x8a7f210
(int)0
(class TCanvas*)0x8a7f378
(int)0
(class TCanvas*)0x8a7f4e0
(int)0
(class TCanvas*)0x8a7ea90
(int)0
(class TCanvas*)0x8a7ebf8
(int)0
(class TCanvas*)0x8a7ed60
(int)0
(class TCanvas*)0x8a7eec8
(int)0
(class TCanvas*)0x8a7f030
(int)0
(class TCanvas*)0x8a7f198
(int)0
(class TCanvas*)0x8a7f300
(int)0
(class TCanvas*)0x8a7f468
(int)0
(class TCanvas*)0x8a7ea28
(int)0
(class TCanvas*)0x8a7eb90
(int)0
(class TCanvas*)0x8a7ecf8
(int)0
(class TCanvas*)0x8a7ee60
(int)0
(class TCanvas*)0x8a7efc8
(int)0
(class TCanvas*)0x8a7f130
(int)0
(class TCanvas*)0x8a7f298
(int)0
(class TCanvas*)0x8a7f400
(int)0
(class TCanvas*)0x8a7e9a0
(int)0
(class TCanvas*)0x8a7eb08
(int)0
(class TCanvas*)0x8a7ec70
(int)0
(class TCanvas*)0x8a7edd8
(int)0
(class TCanvas*)0x8a7ef40
(int)0
(class TCanvas*)0x8a7f0a8
(int)0
(class TCanvas*)0x8a7f210
(int)0
(class TCanvas*)0x8a7f378
(int)0
(class TCanvas*)0x8a7f4e0
(int)0
(class TCanvas*)0x8a7ea90
(int)0
(class TCanvas*)0x8a7ebf8
(int)0
(class TCanvas*)0x8a7ed60
(int)0
(class TCanvas*)0x8a7eec8
(int)0
(class TCanvas*)0x8a7f030
(int)0
(class TCanvas*)0x8a7f198
(int)0
(class TCanvas*)0x8a7f300
(int)0
(class TCanvas*)0x8a7f468
(int)0
(class TCanvas*)0x8a7ea28
(int)0
(class TCanvas*)0x8a7eb90
(int)0
(class TCanvas*)0x8a7ecf8
(int)0
(class TCanvas*)0x8a7ee60
(int)0
(class TCanvas*)0x8a7efc8
(int)0
(class TCanvas*)0x8a7f130
(int)0
(class TCanvas*)0x8a7f298
(int)0
(class TCanvas*)0x8a7f400
(int)0
(class TCanvas*)0x8a7e9a0
(int)0
(class TCanvas*)0x8a7eb08
(int)0
(class TCanvas*)0x8a7ec70
(int)0
(class TCanvas*)0x8a7edd8
(int)0
(class TCanvas*)0x8a7ef40
(int)0
(class TCanvas*)0x8a7f0a8
(int)0
(class TCanvas*)0x8a7f210
(int)0
(class TCanvas*)0x8a7f378
(int)0
(class TCanvas*)0x8a7f4e0
(int)0
(class TCanvas*)0x8a7ea90
(int)0
(class TCanvas*)0x8a7ebf8
(int)0
(class TCanvas*)0x8a7ed60
(int)0
(class TCanvas*)0x8a7eec8
(int)0
(class TCanvas*)0x8a7f030
(int)0
(class TCanvas*)0x8a7f198
(int)0
(class TCanvas*)0x8a7f300
(int)0
(class TCanvas*)0x8a7f468
(int)0
(class TCanvas*)0x8a7ea28
(int)0
(class TCanvas*)0x8a7eb90
(int)0
(class TCanvas*)0x8a7ecf8
(int)0
(class TCanvas*)0x8a7ee60
(int)0
(class TCanvas*)0x8a7efc8
(int)0
(class TCanvas*)0x8a7f130
(int)0
(class TCanvas*)0x8a7f298
(int)0
(class TCanvas*)0x8a7f400
(int)0
(class TCanvas*)0x8a7e9a0
(int)0
(class TCanvas*)0x8a7eb08
(int)0
(class TCanvas*)0x8a7ec70
(int)0
(class TCanvas*)0x8a7edd8
(int)0
(class TCanvas*)0x8a7ef40
(int)0
(class TCanvas*)0x8a7f0a8
(int)0
(class TCanvas*)0x8a7f210
(int)0
(class TCanvas*)0x8a7f378
(int)0
(class TCanvas*)0x8a7f4e0
(int)0
(class TCanvas*)0x8a7ea90
(int)0
(class TCanvas*)0x8a7ebf8
(int)0
(class TCanvas*)0x8a7ed60
(int)0
(class TCanvas*)0x8a7eec8
(int)0
(class TCanvas*)0x8a7f030
(int)0
(class TCanvas*)0x8a7f198
(int)0
(class TCanvas*)0x8a7f300
(int)0
(class TCanvas*)0x8a7f468
(int)0
(class TCanvas*)0x8a7ea28
(int)0
(class TCanvas*)0x8a7eb90
(int)0
(class TCanvas*)0x8a7ecf8
(int)0
(class TCanvas*)0x8a7ee60
(int)0
(class TCanvas*)0x8a7efc8
(int)0
(class TCanvas*)0x8a7f130
(int)0
(class TCanvas*)0x8a7f298
(int)0
(class TCanvas*)0x8a7f400
(int)0
(class TCanvas*)0x8a7e9a0
(int)0
(class TCanvas*)0x8a7eb08
(int)0
(class TCanvas*)0x8a7ec70
(int)0
(class TCanvas*)0x8a7edd8
(int)0
(class TCanvas*)0x8a7ef40
(int)0
(class TCanvas*)0x8a7f0a8
(int)0
(class TCanvas*)0x8a7f210
(int)0
(class TCanvas*)0x8a7f378
(int)0
(class TCanvas*)0x8a7f4e0
(int)0
(class TCanvas*)0x8a7ea90
(int)0
(class TCanvas*)0x8a7ebf8
(int)0
(class TCanvas*)0x8a7ed60
(int)0
(class TCanvas*)0x8a7eec8
(int)0
(class TCanvas*)0x8a7f030
(int)0
(class TCanvas*)0x8a7f198
(int)0
(class TCanvas*)0x8a7f300
(int)0
(class TCanvas*)0x8a7f468
(int)0
(class TCanvas*)0x8a7ea28
(int)0
(class TCanvas*)0x8a7eb90
(int)0
(class TCanvas*)0x8a7ecf8
(int)0
(class TCanvas*)0x8a7ee60
(int)0
(class TCanvas*)0x8a7efc8
(int)0
(class TCanvas*)0x8a7f130
(int)0
(class TCanvas*)0x8a7f298
(int)0
(class TCanvas*)0x8a7f400
(int)0
(class TCanvas*)0x8a7e9a0
(int)0
(class TCanvas*)0x8a7eb08
(int)0
(class TCanvas*)0x8a7ec70
(int)0
(class TCanvas*)0x8a7edd8
(int)0
(class TCanvas*)0x8a7ef40
(int)0
(class TCanvas*)0x8a7f0a8
(int)0
(class TCanvas*)0x8a7f210
(int)0
(class TCanvas*)0x8a7f378
(int)0
(class TCanvas*)0x8a7f4e0
(int)0
(class TCanvas*)0x8a7ea90
(int)0
(class TCanvas*)0x8a7ebf8
(int)0
(class TCanvas*)0x8a7ed60
(int)0
(class TCanvas*)0x8a7eec8
(int)0
(class TCanvas*)0x8a7f030
(int)0
(class TCanvas*)0x8a7f198
(int)0
(class TCanvas*)0x8a7f300
(int)0
(class TCanvas*)0x8a7f468
(int)0
(class TCanvas*)0x8a7ea28
(int)0
(class TCanvas*)0x8a7eb90
(int)0
(class TCanvas*)0x8a7ecf8
(int)0
(class TCanvas*)0x8a7ee60
(int)0
(class TCanvas*)0x8a7efc8
(int)0
(class TCanvas*)0x8a7f130
(int)0
(class TCanvas*)0x8a7f298
(int)0
(class TCanvas*)0x8a7f400
(int)0
(class TCanvas*)0x8a7e9a0
(int)0
(class TCanvas*)0x8a7eb08
(int)0
(class TCanvas*)0x8a7ec70
(int)0
(class TCanvas*)0x8a7edd8
(int)0
(class TCanvas*)0x8a7ef40
(int)0
(class TCanvas*)0x8a7f0a8
(int)0
(class TCanvas*)0x8a7f210
(int)0
(class TCanvas*)0x8a7f378
(int)0
(class TCanvas*)0x8a7f4e0
(int)0
(class TCanvas*)0x8a7ea90
(int)0
(class TCanvas*)0x8a7ebf8
(int)0
(class TCanvas*)0x8a7ed60
(int)0
(class TCanvas*)0x8a7eec8
(int)0
(class TCanvas*)0x8a7f030
(int)0
(class TCanvas*)0x8a7f198
(int)0
(class TCanvas*)0x8a7f300
(int)0
(class TCanvas*)0x8a7f468
(int)0
(class TCanvas*)0x8a7ea28
(int)0
(class TCanvas*)0x8a7eb90
(int)0
(class TCanvas*)0x8a7ecf8
(int)0
(class TCanvas*)0x8a7ee60
(int)0
(class TCanvas*)0x8a7efc8
(int)0
(class TCanvas*)0x8a7f130
(int)0
(class TCanvas*)0x8a7f298
(int)0
(class TCanvas*)0x8a7f400
(int)0
(class TCanvas*)0x8a7e9a0
(int)0
(class TCanvas*)0x8a7eb08
(int)0
(class TCanvas*)0x8a7ec70
(int)0
(class TCanvas*)0x8a7edd8
(int)0
(class TCanvas*)0x8a7ef40
(int)0
(class TCanvas*)0x8a7f0a8
(int)0
(class TCanvas*)0x8a7f210
(int)0
(class TCanvas*)0x8a7f378
(int)0
(class TCanvas*)0x8a7f4e0
(int)0
(class TCanvas*)0x8a7ea90
(int)0
(class TCanvas*)0x8a7ebf8
(int)0
(class TCanvas*)0x8a7ed60
(int)0
(class TCanvas*)0x8a7eec8
(int)0
(class TCanvas*)0x8a7f030
(int)0
(class TCanvas*)0x8a7f198
(int)0
(class TCanvas*)0x8a7f300
(int)0
(class TCanvas*)0x8a7f468
(int)0
(class TCanvas*)0x8a7ea28
(int)0
(class TCanvas*)0x8a7eb90
(int)0
(class TCanvas*)0x8a7ecf8
(int)0
(class TCanvas*)0x8a7ee60
(int)0
(class TCanvas*)0x8a7efc8
(int)0
(class TCanvas*)0x8a7f130
(int)0
(class TCanvas*)0x8a7f298
(int)0
(class TCanvas*)0x8a7f400
(int)0
(class TCanvas*)0x8a7e9a0
(int)0
(class TCanvas*)0x8a7eb08
(int)0
(class TCanvas*)0x8a7ec70
(int)0
(class TCanvas*)0x8a7edd8
(int)0
(class TCanvas*)0x8a7ef40
(int)0
(class TCanvas*)0x8a7f0a8
(int)0
(class TCanvas*)0x8a7f210
(int)0
(class TCanvas*)0x8a7f378
(int)0
(class TCanvas*)0x8a7f4e0
(int)0
(class TCanvas*)0x8a7ea90
(int)0
(class TCanvas*)0x8a7ebf8
(int)0
(class TCanvas*)0x8a7ed60
(int)0
(class TCanvas*)0x8a7eec8
(int)0
(class TCanvas*)0x8a7f030
(int)0
(class TCanvas*)0x8a7f198
(int)0
(class TCanvas*)0x8a7f300
(int)0
(class TCanvas*)0x8a7f468
(int)0
(class TCanvas*)0x8a7ea28
(int)0
(class TCanvas*)0x8a7eb90
(int)0
(class TCanvas*)0x8a7ecf8
(int)0
(class TCanvas*)0x8a7ee60
(int)0
(class TCanvas*)0x8a7efc8
(int)0
(class TCanvas*)0x8a7f130
(int)0
(class TCanvas*)0x8a7f298
(int)0
(class TCanvas*)0x8a7f400
(int)0
(class TCanvas*)0x8a7e9a0
(int)0
(class TCanvas*)0x8a7eb08
(int)0
(class TCanvas*)0x8a7ec70
(int)0
(class TCanvas*)0x8a7edd8
(int)0
(class TCanvas*)0x8a7ef40
(int)0
(class TCanvas*)0x8a7f0a8
(int)0
(class TCanvas*)0x8a7f210
(int)0
(class TCanvas*)0x8a7f378
(int)0
(class TCanvas*)0x8a7f4e0
(int)0
(class TCanvas*)0x8a7ea90
(int)0
(class TCanvas*)0x8a7ebf8
(int)0
(class TCanvas*)0x8a7ed60
(int)0
(class TCanvas*)0x8a7eec8
(int)0
(class TCanvas*)0x8a7f030
(int)0
(class TCanvas*)0x8a7f198
(int)0
(class TCanvas*)0x8a7f300
(int)0
(class TCanvas*)0x8a7f468
(int)0
(class TCanvas*)0x8a7ea28
(int)0
(class TCanvas*)0x8a7eb90
(int)0
(class TCanvas*)0x8a7ecf8
(int)0
(class TCanvas*)0x8a7ee60
(int)0
(class TCanvas*)0x8a7efc8
(int)0
(class TCanvas*)0x8a7f130
(int)0
(class TCanvas*)0x8a7f298
(int)0
(class TCanvas*)0x8a7f400
(int)0
(class TCanvas*)0x8a7e9a0
(int)0
(class TCanvas*)0x8a7eb08
(int)0
(class TCanvas*)0x8a7ec70
(int)0
(class TCanvas*)0x8a7edd8
(int)0
(class TCanvas*)0x8a7ef40
(int)0
(class TCanvas*)0x8a7f0a8
(int)0
(class TCanvas*)0x8a7f210
(int)0
(class TCanvas*)0x8a7f378
(int)0
(class TCanvas*)0x8a7f4e0
(int)0
(class TCanvas*)0x8a7ea90
(int)0
(class TCanvas*)0x8a7ebf8
(int)0
(class TCanvas*)0x8a7ed60
(int)0
(class TCanvas*)0x8a7eec8
(int)0
(class TCanvas*)0x8a7f030
(int)0
(class TCanvas*)0x8a7f198
(int)0
(class TCanvas*)0x8a7f300
(int)0
(class TCanvas*)0x8a7f468
(int)0
(class TCanvas*)0x8a7ea28
(int)0
(class TCanvas*)0x8a7eb90
(int)0
(class TCanvas*)0x8a7ecf8
(int)0
(class TCanvas*)0x8a7ee60
(int)0
(class TCanvas*)0x8a7efc8
(int)0
(class TCanvas*)0x8a7f130
(int)0
(class TCanvas*)0x8a7f298
(int)0
(class TCanvas*)0x8a7f400
(int)0
(class TCanvas*)0x8a7e9a0
(int)0
(class TCanvas*)0x8a7eb08
(int)0
(class TCanvas*)0x8a7ec70
(int)0
(class TCanvas*)0x8a7edd8
(int)0
(class TCanvas*)0x8a7ef40
(int)0
(class TCanvas*)0x8a7f0a8
(int)0
(class TCanvas*)0x8a7f210
(int)0
(class TCanvas*)0x8a7f378
(int)0
(class TCanvas*)0x8a7f4e0
(int)0
(class TCanvas*)0x8a7ea90
(int)0
(class TCanvas*)0x8a7ebf8
(int)0
(class TCanvas*)0x8a7ed60
(int)0
(class TCanvas*)0x8a7eec8
(int)0
(class TCanvas*)0x8a7f030
(int)0
(class TCanvas*)0x8a7f198
(int)0
(class TCanvas*)0x8a7f300
(int)0
(class TCanvas*)0x8a7f468
(int)0
(class TCanvas*)0x8a7ea28
(int)0
(class TCanvas*)0x8a7eb90
(int)0
(class TCanvas*)0x8a7ecf8
(int)0
(class TCanvas*)0x8a7ee60
(int)0
(class TCanvas*)0x8a7efc8
(int)0
(class TCanvas*)0x8a7f130
(int)0
(class TCanvas*)0x8a7f298
(int)0
(class TCanvas*)0x8a7f400
(int)0
(class TCanvas*)0x8a7e9a0
(int)0
(class TCanvas*)0x8a7eb08
(int)0
(class TCanvas*)0x8a7ec70
(int)0
(class TCanvas*)0x8a7edd8
(int)0
(class TCanvas*)0x8a7ef40
(int)0
(class TCanvas*)0x8a7f0a8
(int)0
(class TCanvas*)0x8a7f210
(int)0
(class TCanvas*)0x8a7f378
(int)0
(class TCanvas*)0x8a7f4e0
(int)0
(class TCanvas*)0x8a7ea90
(int)0
(class TCanvas*)0x8a7ebf8
(int)0
(class TCanvas*)0x8a7ed60
(int)0
(class TCanvas*)0x8a7eec8
(int)0
(class TCanvas*)0x8a7f030
(int)0
(class TCanvas*)0x8a7f198
(int)0
(class TCanvas*)0x8a7f300
(int)0
(class TCanvas*)0x8a7f468
(int)0
(class TCanvas*)0x8a7ea28
(int)0
(class TCanvas*)0x8a7eb90
(int)0
(class TCanvas*)0x8a7ecf8
(int)0
(class TCanvas*)0x8a7ee60
(int)0
(class TCanvas*)0x8a7efc8
(int)0
(class TCanvas*)0x8a7f130
(int)0
(class TCanvas*)0x8a7f298
(int)0
(class TCanvas*)0x8a7f400
(int)0
(class TCanvas*)0x8a7e9a0
(int)0
(class TCanvas*)0x8a7eb08
(int)0
(class TCanvas*)0x8a7ec70
(int)0
(class TCanvas*)0x8a7edd8
(int)0
(class TCanvas*)0x8a7ef40
(int)0
(class TCanvas*)0x8a7f0a8
(int)0
(class TCanvas*)0x8a7f210
(int)0
(class TCanvas*)0x8a7f378
(int)0
(class TCanvas*)0x8a7f4e0
(int)0
(class TCanvas*)0x8a7ea90
(int)0
(class TCanvas*)0x8a7ebf8
(int)0
(class TCanvas*)0x8a7ed60
(int)0
(class TCanvas*)0x8a7eec8
(int)0
(class TCanvas*)0x8a7f030
(int)0
(class TCanvas*)0x8a7f198
(int)0
(class TCanvas*)0x8a7f300
(int)0
(class TCanvas*)0x8a7f468
(int)0
(class TCanvas*)0x8a7ea28
(int)0
(class TCanvas*)0x8a7eb90
(int)0
(class TCanvas*)0x8a7ecf8
(int)0
(class TCanvas*)0x8a7ee60
(int)0
(class TCanvas*)0x8a7efc8
(int)0
(class TCanvas*)0x8a7f130
(int)0
(class TCanvas*)0x8a7f298
(int)0
(class TCanvas*)0x8a7f400
(int)0
(class TCanvas*)0x8a7e9a0
(int)0
(class TCanvas*)0x8a7eb08
(int)0
(class TCanvas*)0x8a7ec70
(int)0
(class TCanvas*)0x8a7edd8
(int)0
(class TCanvas*)0x8a7ef40
(int)0
(class TCanvas*)0x8a7f0a8
(int)0
(class TCanvas*)0x8a7f210
(int)0
(class TCanvas*)0x8a7f378
(int)0
(class TCanvas*)0x8a7f4e0
(int)0
(class TCanvas*)0x8a7ea90
(int)0
(class TCanvas*)0x8a7ebf8
(int)0
(class TCanvas*)0x8a7ed60
(int)0
(class TCanvas*)0x8a7eec8
(int)0
(class TCanvas*)0x8a7f030
(int)0
(class TCanvas*)0x8a7f198
(int)0
(class TCanvas*)0x8a7f300
(int)0
(class TCanvas*)0x8a7f468
(int)0
(class TCanvas*)0x8a7ea28
(int)0
(class TCanvas*)0x8a7eb90
(int)0
(class TCanvas*)0x8a7ecf8
(int)0
(class TCanvas*)0x8a7ee60
(int)0
(class TCanvas*)0x8a7efc8
(int)0
(class TCanvas*)0x8a7f130
(int)0
(class TCanvas*)0x8a7f298
(int)0
(class TCanvas*)0x8a7f400
(int)0
(class TCanvas*)0x8a7e9a0
(int)0
(class TCanvas*)0x8a7eb08
(int)0
(class TCanvas*)0x8a7ec70
(int)0
(class TCanvas*)0x8a7edd8
(int)0
(class TCanvas*)0x8a7ef40
(int)0
(class TCanvas*)0x8a7f0a8
(int)0
(class TCanvas*)0x8a7f210
(int)0
(class TCanvas*)0x8a7f378
(int)0
(class TCanvas*)0x8a7f4e0
(int)0
(class TCanvas*)0x8a7ea90
(int)0
(class TCanvas*)0x8a7ebf8
(int)0
(class TCanvas*)0x8a7ed60
(int)0
(class TCanvas*)0x8a7eec8
(int)0
(class TCanvas*)0x8a7f030
(int)0
(class TCanvas*)0x8a7f198
(int)0
(class TCanvas*)0x8a7f300
(int)0
(class TCanvas*)0x8a7f468
(int)0
(class TCanvas*)0x8a7ea28
(int)0
(class TCanvas*)0x8a7eb90
(int)0
(class TCanvas*)0x8a7ecf8
(int)0
(class TCanvas*)0x8a7ee60
(int)0
(class TCanvas*)0x8a7efc8
(int)0
(class TCanvas*)0x8a7f130
(int)0
(class TCanvas*)0x8a7f298
(int)0
(class TCanvas*)0x8a7f400
(int)0
(class TCanvas*)0x8a7e9a0
(int)0
(class TCanvas*)0x8a7eb08
(int)0
(class TCanvas*)0x8a7ec70
(int)0
(class TCanvas*)0x8a7edd8
(int)0
(class TCanvas*)0x8a7ef40
(int)0
(class TCanvas*)0x8a7f0a8
(int)0
(class TCanvas*)0x8a7f210
(int)0
(class TCanvas*)0x8a7f378
(int)0
(class TCanvas*)0x8a7f4e0
(int)0
(class TCanvas*)0x8a7ea90
(int)0
(class TCanvas*)0x8a7ebf8
(int)0
(class TCanvas*)0x8a7ed60
(int)0
(class TCanvas*)0x8a7eec8
(int)0
(class TCanvas*)0x8a7f030
(int)0
(class TCanvas*)0x8a7f198
(int)0
(class TCanvas*)0x8a7f300
(int)0
(class TCanvas*)0x8a7f468
(int)0
(class TCanvas*)0x8a7ea28
(int)0
(class TCanvas*)0x8a7eb90
(int)0
(class TCanvas*)0x8a7ecf8
(int)0
(class TCanvas*)0x8a7ee60
(int)0
(class TCanvas*)0x8a7efc8
(int)0
(class TCanvas*)0x8a7f130
(int)0
(class TCanvas*)0x8a7f298
(int)0
(class TCanvas*)0x8a7f400
(int)0
(class TCanvas*)0x8a7e9a0
(int)0
(class TCanvas*)0x8a7eb08
(int)0
(class TCanvas*)0x8a7ec70
(int)0
(class TCanvas*)0x8a7edd8
(int)0
(class TCanvas*)0x8a7ef40
(int)0
(class TCanvas*)0x8a7f0a8
(int)0
(class TCanvas*)0x8a7f210
(int)0
(class TCanvas*)0x8a7f378
(int)0
(class TCanvas*)0x8a7f4e0
(int)0
(class TCanvas*)0x8a7ea90
(int)0
(class TCanvas*)0x8a7ebf8
(int)0
(class TCanvas*)0x8a7ed60
(int)0
(class TCanvas*)0x8a7eec8
(int)0
(class TCanvas*)0x8a7f030
(int)0
(class TCanvas*)0x8a7f198
(int)0
(class TCanvas*)0x8a7f300
(int)0
(class TCanvas*)0x8a7f468
(int)0
(class TCanvas*)0x8a7ea28
(int)0
(class TCanvas*)0x8a7eb90
(int)0
(class TCanvas*)0x8a7ecf8
(int)0
(class TCanvas*)0x8a7ee60
(int)0
(class TCanvas*)0x8a7efc8
(int)0
(class TCanvas*)0x8a7f130
(int)0
(class TCanvas*)0x8a7f298
(int)0
(class TCanvas*)0x8a7f400
(int)0
(class TCanvas*)0x8a7e9a0
(int)0
(class TCanvas*)0x8a7eb08
(int)0
(class TCanvas*)0x8a7ec70
(int)0
(class TCanvas*)0x8a7edd8
(int)0
(class TCanvas*)0x8a7ef40
(int)0
(class TCanvas*)0x8a7f0a8
(int)0
(class TCanvas*)0x8a7f210
(int)0
(class TCanvas*)0x8a7f378
(int)0
(class TCanvas*)0x8a7f4e0
(int)0
(class TCanvas*)0x8a7ea90
(int)0
(class TCanvas*)0x8a7ebf8
(int)0
(class TCanvas*)0x8a7ed60
(int)0
(class TCanvas*)0x8a7eec8
(int)0
(class TCanvas*)0x8a7f030
(int)0
(class TCanvas*)0x8a7f198
(int)0
(class TCanvas*)0x8a7f300
(int)0
(class TCanvas*)0x8a7f468
(int)0
(class TCanvas*)0x8a7ea28
(int)0
(class TCanvas*)0x8a7eb90
(int)0
(class TCanvas*)0x8a7ecf8
(int)0
(class TCanvas*)0x8a7ee60
(int)0
(class TCanvas*)0x8a7efc8
(int)0
(class TCanvas*)0x8a7f130
(int)0
(class TCanvas*)0x8a7f298
(int)0
(class TCanvas*)0x8a7f400
(int)0
(class TCanvas*)0x8a7e9a0
(int)0
(class TCanvas*)0x8a7eb08
(int)0
(class TCanvas*)0x8a7ec70
(int)0
(class TCanvas*)0x8a7edd8
(int)0
(class TCanvas*)0x8a7ef40
(int)0
(class TCanvas*)0x8a7f0a8
(int)0
(class TCanvas*)0x8a7f210
(int)0
(class TCanvas*)0x8a7f378
(int)0
(class TCanvas*)0x8a7f4e0
(int)0
(class TCanvas*)0x8a7ea90
(int)0
(class TCanvas*)0x8a7ebf8
(int)0
(class TCanvas*)0x8a7ed60
(int)0
(class TCanvas*)0x8a7eec8
(int)0
(class TCanvas*)0x8a7f030
(int)0
(class TCanvas*)0x8a7f198
(int)0
(class TCanvas*)0x8a7f300
(int)0
(class TCanvas*)0x8a7f468
(int)0
(class TCanvas*)0x8a7ea28
(int)0
(class TCanvas*)0x8a7eb90
(int)0
(class TCanvas*)0x8a7ecf8
(int)0
(class TCanvas*)0x8a7ee60
(int)0
(class TCanvas*)0x8a7efc8
(int)0
(class TCanvas*)0x8a7f130
(int)0
(class TCanvas*)0x8a7f298
(int)0
(class TCanvas*)0x8a7f400
(int)0
(class TCanvas*)0x8a7e9a0
(int)0
(class TCanvas*)0x8a7eb08
(int)0
(class TCanvas*)0x8a7ec70
(int)0
(class TCanvas*)0x8a7edd8
(int)0
(class TCanvas*)0x8a7ef40
(int)0
(class TCanvas*)0x8a7f0a8
(int)0
(class TCanvas*)0x8a7f210
(int)0
(class TCanvas*)0x8a7f378
(int)0
(class TCanvas*)0x8a7f4e0
(int)0
(class TCanvas*)0x8a7ea90
(int)0
(class TCanvas*)0x8a7ebf8
(int)0
(class TCanvas*)0x8a7ed60
(int)0
(class TCanvas*)0x8a7eec8
(int)0
(class TCanvas*)0x8a7f030
(int)0
(class TCanvas*)0x8a7f198
(int)0
(class TCanvas*)0x8a7f300
(int)0
(class TCanvas*)0x8a7f468
(int)0
(class TCanvas*)0x8a7ea28
(int)0
(class TCanvas*)0x8a7eb90
(int)0
(class TCanvas*)0x8a7ecf8
(int)0
(class TCanvas*)0x8a7ee60
(int)0
(class TCanvas*)0x8a7efc8
(int)0
(class TCanvas*)0x8a7f130
(int)0
(class TCanvas*)0x8a7f298
(int)0
(class TCanvas*)0x8a7f400
(int)0
(class TCanvas*)0x8a7e9a0
(int)0
(class TCanvas*)0x8a7eb08
(int)0
(class TCanvas*)0x8a7ec70
(int)0
(class TCanvas*)0x8a7edd8
(int)0
(class TCanvas*)0x8a7ef40
(int)0
(class TCanvas*)0x8a7f0a8
(int)0
(class TCanvas*)0x8a7f210
(int)0
(class TCanvas*)0x8a7f378
(int)0
(class TCanvas*)0x8a7f4e0
(int)0
(class TCanvas*)0x8a7ea90
(int)0
(class TCanvas*)0x8a7ebf8
(int)0
(class TCanvas*)0x8a7ed60
(int)0
(class TCanvas*)0x8a7eec8
(int)0
(class TCanvas*)0x8a7f030
(int)0
(class TCanvas*)0x8a7f198
(int)0
(class TCanvas*)0x8a7f300
(int)0
(class TCanvas*)0x8a7f468
(int)0
(class TCanvas*)0x8a7ea28
(int)0
(class TCanvas*)0x8a7eb90
(int)0
(class TCanvas*)0x8a7ecf8
(int)0
(class TCanvas*)0x8a7ee60
(int)0
(class TCanvas*)0x8a7efc8
(int)0
(class TCanvas*)0x8a7f130
(int)0
(class TCanvas*)0x8a7f298
(int)0
(class TCanvas*)0x8a7f400
(int)0
(class TCanvas*)0x8a7e9a0
(int)0
(class TCanvas*)0x8a7eb08
(int)0
(class TCanvas*)0x8a7ec70
(int)0
(class TCanvas*)0x8a7edd8
(int)0
(class TCanvas*)0x8a7ef40
(int)0
(class TCanvas*)0x8a7f0a8
(int)0
(class TCanvas*)0x8a7f210
(int)0
(class TCanvas*)0x8a7f378
(int)0
(class TCanvas*)0x8a7f4e0
(int)0
(class TCanvas*)0x8a7ea90
(int)0
(class TCanvas*)0x8a7ebf8
(int)0
(class TCanvas*)0x8a7ed60
(int)0
(class TCanvas*)0x8a7eec8
(int)0
(class TCanvas*)0x8a7f030
(int)0
(class TCanvas*)0x8a7f198
(int)0
(class TCanvas*)0x8a7f300
(int)0
(class TCanvas*)0x8a7f468
(int)0
(class TCanvas*)0x8a7ea28
(int)0
(class TCanvas*)0x8a7eb90
(int)0
(class TCanvas*)0x8a7ecf8
(int)0
(class TCanvas*)0x8a7ee60
(int)0
(class TCanvas*)0x8a7efc8
(int)0
(class TCanvas*)0x8a7f130
(int)0
(class TCanvas*)0x8a7f298
(int)0
(class TCanvas*)0x8a7f400
(int)0
(class TCanvas*)0x8a7e9a0
(int)0
(class TCanvas*)0x8a7eb08
(int)0
(class TCanvas*)0x8a7ec70
(int)0
(class TCanvas*)0x8a7edd8
(int)0
(class TCanvas*)0x8a7ef40
(int)0
(class TCanvas*)0x8a7f0a8
(int)0
(class TCanvas*)0x8a7f210
(int)0
(class TCanvas*)0x8a7f378
(int)0
(class TCanvas*)0x8a7f4e0
(int)0
(class TCanvas*)0x8a7ea90
(int)0
(class TCanvas*)0x8a7ebf8
(int)0
(class TCanvas*)0x8a7ed60
(int)0
(class TCanvas*)0x8a7eec8
(int)0
(class TCanvas*)0x8a7f030
(int)0
(class TCanvas*)0x8a7f198
(int)0
(class TCanvas*)0x8a7f300
(int)0
(class TCanvas*)0x8a7f468
(int)0
(class TCanvas*)0x8a7ea28
(int)0
(class TCanvas*)0x8a7eb90
(int)0
(class TCanvas*)0x8a7ecf8
(int)0
(class TCanvas*)0x8a7ee60
(int)0
(class TCanvas*)0x8a7efc8
(int)0
(class TCanvas*)0x8a7f130
(int)0
(class TCanvas*)0x8a7f298
(int)0
(class TCanvas*)0x8a7f400
(int)0
(class TCanvas*)0x8a7e9a0
(int)0
(class TCanvas*)0x8a7eb08
(int)0
(class TCanvas*)0x8a7ec70
(int)0
(class TCanvas*)0x8a7edd8
(int)0
(class TCanvas*)0x8a7ef40
(int)0
(class TCanvas*)0x8a7f0a8
(int)0
(class TCanvas*)0x8a7f210
(int)0
(class TCanvas*)0x8a7f378
(int)0
(class TCanvas*)0x8a7f4e0
(int)0
(class TCanvas*)0x8a7ea90
(int)0
(class TCanvas*)0x8a7ebf8
(int)0
(class TCanvas*)0x8a7ed60
(int)0
(class TCanvas*)0x8a7eec8
(int)0
(class TCanvas*)0x8a7f030
(int)0
(class TCanvas*)0x8a7f198
(int)0
(class TCanvas*)0x8a7f300
(int)0
(class TCanvas*)0x8a7f468
(int)0
(class TCanvas*)0x8a7ea28
(int)0
(class TCanvas*)0x8a7eb90
(int)0
(class TCanvas*)0x8a7ecf8
(int)0
(class TCanvas*)0x8a7ee60
(int)0
(class TCanvas*)0x8a7efc8
(int)0
(class TCanvas*)0x8a7f130
(int)0
(class TCanvas*)0x8a7f298
(int)0
(class TCanvas*)0x8a7f400
(int)0
(class TCanvas*)0x8a7e9a0
(int)0
(class TCanvas*)0x8a7eb08
(int)0
(class TCanvas*)0x8a7ec70
(int)0
(class TCanvas*)0x8a7edd8
(int)0
(class TCanvas*)0x8a7ef40
(int)0
(class TCanvas*)0x8a7f0a8
(int)0
(class TCanvas*)0x8a7f210
(int)0
(class TCanvas*)0x8a7f388
(class TCanvas*)0x8a7f4f0
(class TCanvas*)0x8a7eaa0
(class TCanvas*)0x8a7ec08
(class TCanvas*)0x8a7ed70
(class TCanvas*)0x8a7eed8
(class TCanvas*)0x8a7f040
(class TCanvas*)0x8a7f1a8
(class TCanvas*)0x8a7f310
(class TCanvas*)0x8a7f478
(class TCanvas*)0x8a7ea38
(int)0
(class TCanvas*)0x8a7eba0
(int)0
(class TCanvas*)0x8a7ed08
(int)0
(class TCanvas*)0x8a7ee70
(int)0
(class TCanvas*)0x8a7efd8
(int)0
(class TCanvas*)0x8a7f140
(int)0
(class TCanvas*)0x8a7f2a8
(int)0
(class TCanvas*)0x8a7f410
(int)0
(class TCanvas*)0x8a7e9b0
(int)0
(class TCanvas*)0x8a7eb18
(int)0
(class TCanvas*)0x8a7ec80
(int)0
(class TCanvas*)0x8a7ede8
(int)0
(class TCanvas*)0x8a7ef50
(int)0
(class TCanvas*)0x8a7f0b8
(int)0
(class TCanvas*)0x8a7f378
(int)0
(class TCanvas*)0x8a7f4e0
(int)0
(class TCanvas*)0x8a7ea90
(int)0
(class TCanvas*)0x8a7ebf8
(int)0
(class TCanvas*)0x8a7ed60
(int)0
(class TCanvas*)0x8a7eec8
(int)0
(class TCanvas*)0x8a7f030
(int)0
(class TCanvas*)0x8a7f198
(int)0
(class TCanvas*)0x8a7f300
(int)0
(class TCanvas*)0x8a7f468
(int)0
(class TCanvas*)0x8a7ea28
(int)0
(class TCanvas*)0x8a7eb90
(int)0
(class TCanvas*)0x8a7ecf8
(int)0
(class TCanvas*)0x8a7ee60
(int)0
(class TCanvas*)0x8a7efc8
(int)0
(class TCanvas*)0x8a7f130
(int)0
(class TCanvas*)0x8a7f298
(int)0
(class TCanvas*)0x8a7f400
(int)0
(class TCanvas*)0x8a7e9a0
(int)0
(class TCanvas*)0x8a7eb08
(int)0
(class TCanvas*)0x8a7ec70
(int)0
(class TCanvas*)0x8a7edd8
(int)0
(class TCanvas*)0x8a7ef40
(int)0
(class TCanvas*)0x8a7f0a8
(int)0
(class TCanvas*)0x8a7f210
(int)0
(class TCanvas*)0x8a7f378
(int)0
(class TCanvas*)0x8a7f4e0
(int)0
(class TCanvas*)0x8a7ea90
(int)0
(class TCanvas*)0x8a7ebf8
(int)0
(class TCanvas*)0x8a7ed60
(int)0
(class TCanvas*)0x8a7eec8
(int)0
(class TCanvas*)0x8a7f030
(int)0
(class TCanvas*)0x8a7f198
(int)0
(class TCanvas*)0x8a7f300
(int)0
(class TCanvas*)0x8a7f468
(int)0
(class TCanvas*)0x8a7ea18
(int)0
(class TCanvas*)0x8a7eb80
(int)0
(class TCanvas*)0x8a7ece8
(int)0
(class TCanvas*)0x8a7ee50
(int)0
(class TCanvas*)0x8a7efb8
(int)0
(class TCanvas*)0x8a7f120
(int)0
(class TCanvas*)0x8a7f288
(int)0
(class TCanvas*)0x8a7f3f0
(int)0
(class TCanvas*)0x8a7e990
(int)0
(class TCanvas*)0x8a7eaf8
(int)0
(class TCanvas*)0x8a7ec60
(int)0
(class TCanvas*)0x8a7edc8
(int)0
(class TCanvas*)0x8a7ef30
(int)0
(class TCanvas*)0x8a7f098
(int)0
(class TCanvas*)0x8a7f200
(int)0
(class TCanvas*)0x8a7f368
(int)0
(class TCanvas*)0x8a7f4d0
(int)0
(class TCanvas*)0x8a7ea90
(int)0
(class TCanvas*)0x8a7ebf8
(int)0
(class TCanvas*)0x8a7ed60
(int)0
(class TCanvas*)0x8a7eec8
(int)0
(class TCanvas*)0x8a7f030
(int)0
(class TCanvas*)0x8a7f198
(int)0
(class TCanvas*)0x8a7f300
(int)0
(class TCanvas*)0x8a7f468
(int)0
(class TCanvas*)0x8a7ea18
(int)0
(class TCanvas*)0x8a7eb80
(int)0
(class TCanvas*)0x8a7ece8
(int)0
(class TCanvas*)0x8a7ee50
(int)0
(class TCanvas*)0x8a7efb8
(int)0
(class TCanvas*)0x8a7f120
(int)0
(class TCanvas*)0x8a7f288
(int)0
(class TCanvas*)0x8a7f3f0
(int)0
(class TCanvas*)0x8a7e990
(int)0
(class TCanvas*)0x8a7eaf8
(int)0
(class TCanvas*)0x8a7ec60
(int)0
(class TCanvas*)0x8a7edc8
(int)0
(class TCanvas*)0x8a7ef30
(int)0
(class TCanvas*)0x8a7f098
(int)0
(class TCanvas*)0x8a7f200
(int)0
(class TCanvas*)0x8a7f368
(int)0
(class TCanvas*)0x8a7f4d0
(int)0
(class TCanvas*)0x8a7ea90
(int)0
(class TCanvas*)0x8a7ebf8
(int)0
(class TCanvas*)0x8a7ed60
(int)0
(class TCanvas*)0x8a7eec8
(int)0
(class TCanvas*)0x8a7f030
(int)0
(class TCanvas*)0x8a7f198
(int)0
(class TCanvas*)0x8a7f300
(int)0
(class TCanvas*)0x8a7f468
(int)0
(class TCanvas*)0x8a7ea18
(int)0
(class TCanvas*)0x8a7eb80
(int)0
(class TCanvas*)0x8a7ece8
(int)0
(class TCanvas*)0x8a7ee50
(int)0
(class TCanvas*)0x8a7efb8
(int)0
(class TCanvas*)0x8a7f120
(int)0
(class TCanvas*)0x8a7f288
(int)0
(class TCanvas*)0x8a7f3f0
(int)0
(class TCanvas*)0x8a7e990
(int)0
(class TCanvas*)0x8a7eaf8
(int)0
(class TCanvas*)0x8a7ec60
(int)0
(class TCanvas*)0x8a7edc8
(int)0
(class TCanvas*)0x8a7ef30
(int)0
(class TCanvas*)0x8a7f098
(int)0
(class TCanvas*)0x8a7f200
(int)0
(class TCanvas*)0x8a7f368
(int)0
(class TCanvas*)0x8a7f4d0
(int)0
(class TCanvas*)0x8a7ea90
(int)0
(class TCanvas*)0x8a7ebf8
(int)0
(class TCanvas*)0x8a7ed60
(int)0
(class TCanvas*)0x8a7eec8
(int)0
(class TCanvas*)0x8a7f030
(int)0
(class TCanvas*)0x8a7f198
(int)0
(class TCanvas*)0x8a7f300
(int)0
(class TCanvas*)0x8a7f468
(int)0
(class TCanvas*)0x8a7ea18
(int)0
(class TCanvas*)0x8a7eb80
(int)0
(class TCanvas*)0x8a7ece8
(int)0
(class TCanvas*)0x8a7ee50
(int)0
(class TCanvas*)0x8a7efb8
(int)0
(class TCanvas*)0x8a7f120
(int)0
(class TCanvas*)0x8a7f288
(int)0
(class TCanvas*)0x8a7f3f0
(int)0
(class TCanvas*)0x8a7e990
(int)0
(class TCanvas*)0x8a7eaf8
(int)0
(class TCanvas*)0x8a7ec60
(int)0
(class TCanvas*)0x8a7edc8
(int)0
(class TCanvas*)0x8a7ef30
(int)0
(class TCanvas*)0x8a7f098
(int)0
(class TCanvas*)0x8a7f200
(int)0
(class TCanvas*)0x8a7f368
(int)0
(class TCanvas*)0x8a7f4d0
(int)0
(class TCanvas*)0x8a7ea90
(int)0
(class TCanvas*)0x8a7ebf8
(int)0
(class TCanvas*)0x8a7ed60
(int)0
(class TCanvas*)0x8a7eec8
(int)0
(class TCanvas*)0x8a7f030
(int)0
(class TCanvas*)0x8a7f198
(int)0
(class TCanvas*)0x8a7f300
(int)0
(class TCanvas*)0x8a7f468
(int)0
(class TCanvas*)0x8a7ea18
(int)0
(class TCanvas*)0x8a7eb80
(int)0
(class TCanvas*)0x8a7ece8
(int)0
(class TCanvas*)0x8a7ee50
(int)0
(class TCanvas*)0x8a7efb8
(int)0
(class TCanvas*)0x8a7f120
(int)0
(class TCanvas*)0x8a7f288
(int)0
(class TCanvas*)0x8a7f3f0
(int)0
(class TCanvas*)0x8a7e990
(int)0
(class TCanvas*)0x8a7eaf8
(int)0
(class TCanvas*)0x8a7ec60
(int)0
(class TCanvas*)0x8a7edc8
(int)0
(class TCanvas*)0x8a7ef30
(int)0
(class TCanvas*)0x8a7f098
(int)0
(class TCanvas*)0x8a7f200
(int)0
(class TCanvas*)0x8a7f368
(int)0
(class TCanvas*)0x8a7f4d0
(int)0
(class TCanvas*)0x8a7ea90
(int)0
(class TCanvas*)0x8a7ebf8
(int)0
(class TCanvas*)0x8a7ed60
(int)0
(class TCanvas*)0x8a7eec8
(int)0
(class TCanvas*)0x8a7f030
(int)0
(class TCanvas*)0x8a7f198
(int)0
(class TCanvas*)0x8a7f300
(int)0
(class TCanvas*)0x8a7f468
(int)0
(class TCanvas*)0x8a7ea18
(int)0
(class TCanvas*)0x8a7eb80
(int)0
(class TCanvas*)0x8a7ece8
(int)0
(class TCanvas*)0x8a7ee50
(int)0
(class TCanvas*)0x8a7efb8
(int)0
(class TCanvas*)0x8a7f120
(int)0
(class TCanvas*)0x8a7f288
(int)0
(class TCanvas*)0x8a7f3f0
(int)0
(class TCanvas*)0x8a7e990
(int)0
(class TCanvas*)0x8a7eaf8
(int)0
(class TCanvas*)0x8a7ec60
(int)0
(class TCanvas*)0x8a7edc8
(int)0
(class TCanvas*)0x8a7ef30
(int)0
(class TCanvas*)0x8a7f098
(int)0
(class TCanvas*)0x8a7f200
(int)0
(class TCanvas*)0x8a7f368
(int)0
(class TCanvas*)0x8a7f4d0
(int)0
(class TCanvas*)0x8a7ea90
(int)0
(class TCanvas*)0x8a7ebf8
(int)0
(class TCanvas*)0x8a7ed60
(int)0
(class TCanvas*)0x8a7eec8
(int)0
(class TCanvas*)0x8a7f030
(int)0
(class TCanvas*)0x8a7f198
(int)0
(class TCanvas*)0x8a7f300
(int)0
(class TCanvas*)0x8a7f468
(int)0
(class TCanvas*)0x8a7ea18
(int)0
(class TCanvas*)0x8a7eb80
(int)0
(class TCanvas*)0x8a7ece8
(int)0
(class TCanvas*)0x8a7ee50
(int)0
(class TCanvas*)0x8a7efb8
(int)0
(class TCanvas*)0x8a7f120
(int)0
(class TCanvas*)0x8a7f288
(int)0
(class TCanvas*)0x8a7f3f0
(int)0
(class TCanvas*)0x8a7e990
(int)0
(class TCanvas*)0x8a7eaf8
(int)0
(class TCanvas*)0x8a7ec60
(int)0
(class TCanvas*)0x8a7edc8
(int)0
(class TCanvas*)0x8a7ef30
(int)0
(class TCanvas*)0x8a7f098
(int)0
(class TCanvas*)0x8a7f200
(int)0
(class TCanvas*)0x8a7f368
(int)0
(class TCanvas*)0x8a7f4d0
(int)0
(class TCanvas*)0x8a7ea90
(int)0
(class TCanvas*)0x8a7ebf8
(int)0
(class TCanvas*)0x8a7ed60
(int)0
(class TCanvas*)0x8a7eec8
(int)0
(class TCanvas*)0x8a7f030
(int)0
(class TCanvas*)0x8a7f198
(int)0
(class TCanvas*)0x8a7f300
(int)0
(class TCanvas*)0x8a7f468
(int)0
(class TCanvas*)0x8a7ea18
(int)0
(class TCanvas*)0x8a7eb80
(int)0
(class TCanvas*)0x8a7ece8
(int)0
(class TCanvas*)0x8a7ee50
(int)0
(class TCanvas*)0x8a7efb8
(int)0
(class TCanvas*)0x8a7f120
(int)0
(class TCanvas*)0x8a7f288
(int)0
(class TCanvas*)0x8a7f3f0
(int)0
(class TCanvas*)0x8a7e990
(int)0
(class TCanvas*)0x8a7eaf8
(int)0
(class TCanvas*)0x8a7ec60
(int)0
(class TCanvas*)0x8a7edc8
(int)0
(class TCanvas*)0x8a7ef30
(int)0
(class TCanvas*)0x8a7f098
(int)0
(class TCanvas*)0x8a7f200
(int)0
(class TCanvas*)0x8a7f368
(int)0
(class TCanvas*)0x8a7f4d0
(int)0
(class TCanvas*)0x8a7ea90
(int)0
(class TCanvas*)0x8a7ebf8
(int)0
(class TCanvas*)0x8a7ed60
(int)0
(class TCanvas*)0x8a7eec8
(int)0
(class TCanvas*)0x8a7f030
(int)0
(class TCanvas*)0x8a7f198
(int)0
(class TCanvas*)0x8a7f300
(int)0
(class TCanvas*)0x8a7f468
(int)0
(class TCanvas*)0x8a7ea18
(int)0
(class TCanvas*)0x8a7eb80
(int)0
(class TCanvas*)0x8a7ece8
(int)0
(class TCanvas*)0x8a7ee50
(int)0
(class TCanvas*)0x8a7efb8
(int)0
(class TCanvas*)0x8a7f120
(int)0
(class TCanvas*)0x8a7f288
(int)0
(class TCanvas*)0x8a7f3f0
(int)0
(class TCanvas*)0x8a7e990
(int)0
(class TCanvas*)0x8a7eaf8
(int)0
(class TCanvas*)0x8a7ec60
(int)0
(class TCanvas*)0x8a7edc8
(int)0
(class TCanvas*)0x8a7ef30
(int)0
(class TCanvas*)0x8a7f098
(int)0
(class TCanvas*)0x8a7f200
(int)0
(class TCanvas*)0x8a7f368
(int)0
(class TCanvas*)0x8a7f4d0
(int)0
(class TCanvas*)0x8a7ea90
(int)0
(class TCanvas*)0x8a7ebf8
(int)0
(class TCanvas*)0x8a7ed60
(int)0
(class TCanvas*)0x8a7eec8
(int)0
(class TCanvas*)0x8a7f030
(int)0
(class TCanvas*)0x8a7f198
(int)0
(class TCanvas*)0x8a7f300
(int)0
(class TCanvas*)0x8a7f468
(int)0
(class TCanvas*)0x8a7ea18
(int)0
(class TCanvas*)0x8a7eb80
(int)0
(class TCanvas*)0x8a7ece8
(int)0
(class TCanvas*)0x8a7ee50
(int)0
(class TCanvas*)0x8a7efb8
(int)0
(class TCanvas*)0x8a7f120
(int)0
(class TCanvas*)0x8a7f288
(int)0
(class TCanvas*)0x8a7f3f0
(int)0
(class TCanvas*)0x8a7e990
(int)0
(class TCanvas*)0x8a7eaf8
(int)0
(class TCanvas*)0x8a7ec60
(int)0
(class TCanvas*)0x8a7edc8
(int)0
(class TCanvas*)0x8a7ef30
(int)0
(class TCanvas*)0x8a7f098
(int)0
(class TCanvas*)0x8a7f200
(int)0
(class TCanvas*)0x8a7f368
(int)0
(class TCanvas*)0x8a7f4d0
(int)0
(class TCanvas*)0x8a7ea90
(int)0
(class TCanvas*)0x8a7ebf8
(int)0
(class TCanvas*)0x8a7ed60
(int)0
(class TCanvas*)0x8a7eec8
(int)0
(class TCanvas*)0x8a7f030
(int)0
(class TCanvas*)0x8a7f198
(int)0
(class TCanvas*)0x8a7f300
(int)0
(class TCanvas*)0x8a7f468
(int)0
(class TCanvas*)0x8a7ea18
(int)0
(class TCanvas*)0x8a7eb80
(int)0
(class TCanvas*)0x8a7ece8
(int)0
(class TCanvas*)0x8a7ee50
(int)0
(class TCanvas*)0x8a7efb8
(int)0
(class TCanvas*)0x8a7f120
(int)0
(class TCanvas*)0x8a7f288
(int)0
(class TCanvas*)0x8a7f3f0
(int)0
(class TCanvas*)0x8a7e990
(int)0
(class TCanvas*)0x8a7eaf8
(int)0
(class TCanvas*)0x8a7ec60
(int)0
(class TCanvas*)0x8a7edc8
(int)0
(class TCanvas*)0x8a7ef30
(int)0
(class TCanvas*)0x8a7f098
(int)0
(class TCanvas*)0x8a7f200
(int)0
(class TCanvas*)0x8a7f368
(int)0
(class TCanvas*)0x8a7f4d0
(int)0
(class TCanvas*)0x8a7ea90
(int)0
(class TCanvas*)0x8a7ebf8
(int)0
(class TCanvas*)0x8a7ed60
(int)0
(class TCanvas*)0x8a7eec8
(int)0
(class TCanvas*)0x8a7f030
(int)0
(class TCanvas*)0x8a7f198
(int)0
(class TCanvas*)0x8a7f300
(int)0
(class TCanvas*)0x8a7f468
(int)0
(class TCanvas*)0x8a7ea18
(int)0
(class TCanvas*)0x8a7eb80
(int)0
(class TCanvas*)0x8a7ece8
(int)0
(class TCanvas*)0x8a7ee50
(int)0
(class TCanvas*)0x8a7efb8
(int)0
(class TCanvas*)0x8a7f120
(int)0
(class TCanvas*)0x8a7f288
(int)0
(class TCanvas*)0x8a7f3f0
(int)0
(class TCanvas*)0x8a7e990
(int)0
(class TCanvas*)0x8a7eaf8
(int)0
(class TCanvas*)0x8a7ec60
(int)0
(class TCanvas*)0x8a7edc8
(int)0
(class TCanvas*)0x8a7ef30
(int)0
(class TCanvas*)0x8a7f098
(int)0
(class TCanvas*)0x8a7f200
(int)0
(class TCanvas*)0x8a7f368
(int)0
(class TCanvas*)0x8a7f4d0
(int)0
(class TCanvas*)0x8a7ea90
(int)0
(class TCanvas*)0x8a7ebf8
(int)0
(class TCanvas*)0x8a7ed60
(int)0
(class TCanvas*)0x8a7eec8
(int)0
(class TCanvas*)0x8a7f030
(int)0
(class TCanvas*)0x8a7f198
(int)0
(class TCanvas*)0x8a7f300
(int)0
(class TCanvas*)0x8a7f468
(int)0
(class TCanvas*)0x8a7ea18
(int)0
(class TCanvas*)0x8a7eb80
(int)0
(class TCanvas*)0x8a7ece8
(int)0
(class TCanvas*)0x8a7ee50
(int)0
(class TCanvas*)0x8a7efb8
(int)0
(class TCanvas*)0x8a7f120
(int)0
(class TCanvas*)0x8a7f288
(int)0
(class TCanvas*)0x8a7f3f0
(int)0
(class TCanvas*)0x8a7e990
(int)0
(class TCanvas*)0x8a7eaf8
(int)0
(class TCanvas*)0x8a7ec60
(int)0
(class TCanvas*)0x8a7edc8
(int)0
(class TCanvas*)0x8a7ef30
(int)0
(class TCanvas*)0x8a7f098
(int)0
(class TCanvas*)0x8a7f200
(int)0
(class TCanvas*)0x8a7f368
(int)0
(class TCanvas*)0x8a7f4d0
(int)0
(class TCanvas*)0x8a7ea90
(int)0
(class TCanvas*)0x8a7ebf8
(int)0
(class TCanvas*)0x8a7ed60
(int)0
(class TCanvas*)0x8a7eec8
(int)0
(class TCanvas*)0x8a7f030
(int)0
(class TCanvas*)0x8a7f198
(int)0
(class TCanvas*)0x8a7f300
(int)0
(class TCanvas*)0x8a7f468
(int)0
(class TCanvas*)0x8a7ea18
(int)0
(class TCanvas*)0x8a7eb80
(int)0
(class TCanvas*)0x8a7ece8
(int)0
(class TCanvas*)0x8a7ee50
(int)0
(class TCanvas*)0x8a7efb8
(int)0
(class TCanvas*)0x8a7f120
(int)0
(class TCanvas*)0x8a7f288
(int)0
(class TCanvas*)0x8a7f3f0
(int)0
(class TCanvas*)0x8a7e990
(int)0
(class TCanvas*)0x8a7eaf8
(int)0
(class TCanvas*)0x8a7ec60
(int)0
(class TCanvas*)0x8a7edc8
(int)0
(class TCanvas*)0x8a7ef30
(int)0
(class TCanvas*)0x8a7f098
(int)0
(class TCanvas*)0x8a7f200
(int)0
(class TCanvas*)0x8a7f368
(int)0
(class TCanvas*)0x8a7f4d0
(int)0
(class TCanvas*)0x8a7ea90
(int)0
(class TCanvas*)0x8a7ebf8
(int)0
(class TCanvas*)0x8a7ed60
(int)0
(class TCanvas*)0x8a7eec8
(int)0
(class TCanvas*)0x8a7f030
(int)0
(class TCanvas*)0x8a7f198
(int)0
(class TCanvas*)0x8a7f300
(int)0
(class TCanvas*)0x8a7f468
(int)0
(class TCanvas*)0x8a7ea18
(int)0
(class TCanvas*)0x8a7eb80
(int)0
(class TCanvas*)0x8a7ece8
(int)0
(class TCanvas*)0x8a7ee50
(int)0
(class TCanvas*)0x8a7efb8
(int)0
(class TCanvas*)0x8a7f120
(int)0
(class TCanvas*)0x8a7f288
(int)0
(class TCanvas*)0x8a7f3f0
(int)0
(class TCanvas*)0x8a7e990
(int)0
(class TCanvas*)0x8a7eaf8
(int)0
(class TCanvas*)0x8a7ec60
(int)0
(class TCanvas*)0x8a7edc8
(int)0
(class TCanvas*)0x8a7ef30
(int)0
(class TCanvas*)0x8a7f098
(int)0
(class TCanvas*)0x8a7f200
(int)0
(class TCanvas*)0x8a7f368
(int)0
(class TCanvas*)0x8a7f4d0
(int)0
(class TCanvas*)0x8a7ea90
(int)0
(class TCanvas*)0x8a7ebf8
(int)0
(class TCanvas*)0x8a7ed60
(int)0
(class TCanvas*)0x8a7eec8
(int)0
(class TCanvas*)0x8a7f030
(int)0
(class TCanvas*)0x8a7f198
(int)0
(class TCanvas*)0x8a7f300
(int)0
(class TCanvas*)0x8a7f468
(int)0
(class TCanvas*)0x8a7ea18
(int)0
(class TCanvas*)0x8a7eb80
(int)0
(class TCanvas*)0x8a7ece8
(int)0
(class TCanvas*)0x8a7ee50
(int)0
(class TCanvas*)0x8a7efb8
(int)0
(class TCanvas*)0x8a7f120
(int)0
(class TCanvas*)0x8a7f288
(int)0
(class TCanvas*)0x8a7f3f0
(int)0
(class TCanvas*)0x8a7e990
(int)0
(class TCanvas*)0x8a7eaf8
(int)0
(class TCanvas*)0x8a7ec60
(int)0
(class TCanvas*)0x8a7edc8
(int)0
(class TCanvas*)0x8a7ef30
(int)0
(class TCanvas*)0x8a7f098
(int)0
(class TCanvas*)0x8a7f200
(int)0
(class TCanvas*)0x8a7f368
(int)0
(class TCanvas*)0x8a7f4d0
(int)0
(class TCanvas*)0x8a7ea90
(int)0
(class TCanvas*)0x8a7ebf8
(int)0
(class TCanvas*)0x8a7ed60
(int)0
(class TCanvas*)0x8a7eec8
(int)0
(class TCanvas*)0x8a7f030
(int)0
(class TCanvas*)0x8a7f198
(int)0
(class TCanvas*)0x8a7f300
(int)0
(class TCanvas*)0x8a7f468
(int)0
(class TCanvas*)0x8a7ea18
(int)0
(class TCanvas*)0x8a7eb80
(int)0
(class TCanvas*)0x8a7ece8
(int)0
(class TCanvas*)0x8a7ee50
(int)0
(class TCanvas*)0x8a7efb8
(int)0
(class TCanvas*)0x8a7f120
(int)0
(class TCanvas*)0x8a7f288
(int)0
(class TCanvas*)0x8a7f3f0
(int)0
(class TCanvas*)0x8a7e990
(int)0
(class TCanvas*)0x8a7eaf8
(int)0
(class TCanvas*)0x8a7ec60
(int)0
(class TCanvas*)0x8a7edc8
(int)0
(class TCanvas*)0x8a7ef30
(int)0
(class TCanvas*)0x8a7f098
(int)0
(class TCanvas*)0x8a7f200
(int)0
(class TCanvas*)0x8a7f368
(int)0
(class TCanvas*)0x8a7f4d0
(int)0
(class TCanvas*)0x8a7ea90
(int)0
(class TCanvas*)0x8a7ebf8
(int)0
(class TCanvas*)0x8a7ed60
(int)0
(class TCanvas*)0x8a7eec8
(int)0
(class TCanvas*)0x8a7f030
(int)0
(class TCanvas*)0x8a7f198
(int)0
(class TCanvas*)0x8a7f300
(int)0
(class TCanvas*)0x8a7f468
(int)0
(class TCanvas*)0x8a7ea18
(int)0
(class TCanvas*)0x8a7eb80
(int)0
(class TCanvas*)0x8a7ece8
(int)0
(class TCanvas*)0x8a7ee50
(int)0
(class TCanvas*)0x8a7efb8
(int)0
(class TCanvas*)0x8a7f120
(int)0
(class TCanvas*)0x8a7f288
(int)0
(class TCanvas*)0x8a7f3f0
(int)0
(class TCanvas*)0x8a7e990
(int)0
(class TCanvas*)0x8a7eaf8
(int)0
(class TCanvas*)0x8a7ec60
(int)0
(class TCanvas*)0x8a7edc8
(int)0
(class TCanvas*)0x8a7ef30
(int)0
(class TCanvas*)0x8a7f098
(int)0
(class TCanvas*)0x8a7f200
(int)0
(class TCanvas*)0x8a7f368
(int)0
(class TCanvas*)0x8a7f4d0
(int)0
(class TCanvas*)0x8a7ea90
(int)0
(class TCanvas*)0x8a7ebf8
(int)0
(class TCanvas*)0x8a7ed60
(int)0
(class TCanvas*)0x8a7eec8
(int)0
(class TCanvas*)0x8a7f030
(int)0
(class TCanvas*)0x8a7f198
(int)0
(class TCanvas*)0x8a7f300
(int)0
(class TCanvas*)0x8a7f468
(int)0
(class TCanvas*)0x8a7ea18
(int)0
(class TCanvas*)0x8a7eb80
(int)0
(class TCanvas*)0x8a7ece8
(int)0
(class TCanvas*)0x8a7ee50
(int)0
(class TCanvas*)0x8a7efb8
(int)0
(class TCanvas*)0x8a7f120
(int)0
(class TCanvas*)0x8a7f288
(int)0
(class TCanvas*)0x8a7f3f0
(int)0
(class TCanvas*)0x8a7e990
(int)0
(class TCanvas*)0x8a7eaf8
(int)0
(class TCanvas*)0x8a7ec60
(int)0
(class TCanvas*)0x8a7edc8
(int)0
(class TCanvas*)0x8a7ef30
(int)0
(class TCanvas*)0x8a7f098
(int)0
(class TCanvas*)0x8a7f200
(int)0
(class TCanvas*)0x8a7f368
(int)0
(class TCanvas*)0x8a7f4d0
(int)0
(class TCanvas*)0x8a7ea90
(int)0
(class TCanvas*)0x8a7ebf8
(int)0
(class TCanvas*)0x8a7ed60
(int)0
(class TCanvas*)0x8a7eec8
(int)0
(class TCanvas*)0x8a7f030
(int)0
(class TCanvas*)0x8a7f198
(int)0
(class TCanvas*)0x8a7f300
(int)0
(class TCanvas*)0x8a7f468
(int)0
(class TCanvas*)0x8a7ea18
(int)0
(class TCanvas*)0x8a7eb80
(int)0
(class TCanvas*)0x8a7ece8
(int)0
(class TCanvas*)0x8a7ee50
(int)0
(class TCanvas*)0x8a7efb8
(int)0
(class TCanvas*)0x8a7f120
(int)0
(class TCanvas*)0x8a7f288
(int)0
(class TCanvas*)0x8a7f3f0
(int)0
(class TCanvas*)0x8a7e990
(int)0
(class TCanvas*)0x8a7eaf8
(int)0
(class TCanvas*)0x8a7ec60
(int)0
(class TCanvas*)0x8a7edc8
(int)0
(class TCanvas*)0x8a7ef30
(int)0
(class TCanvas*)0x8a7f098
(int)0
(class TCanvas*)0x8a7f200
(int)0
(class TCanvas*)0x8a7f368
(int)0
(class TCanvas*)0x8a7f4d0
(int)0
(class TCanvas*)0x8a7ea90
(int)0
(class TCanvas*)0x8a7ebf8
(int)0
(class TCanvas*)0x8a7ed60
(int)0
(class TCanvas*)0x8a7eec8
(int)0
(class TCanvas*)0x8a7f030
(int)0
(class TCanvas*)0x8a7f198
(int)0
(class TCanvas*)0x8a7f300
(int)0
(class TCanvas*)0x8a7f468
(int)0
(class TCanvas*)0x8a7ea18
(int)0
(class TCanvas*)0x8a7eb80
(int)0
(class TCanvas*)0x8a7ece8
(int)0
(class TCanvas*)0x8a7ee50
(int)0
(class TCanvas*)0x8a7efb8
(int)0
(class TCanvas*)0x8a7f120
(int)0
(class TCanvas*)0x8a7f288
(int)0
(class TCanvas*)0x8a7f3f0
(int)0
(class TCanvas*)0x8a7e990
(int)0
(class TCanvas*)0x8a7eaf8
(int)0
(class TCanvas*)0x8a7ec60
(int)0
(class TCanvas*)0x8a7edc8
(int)0
(class TCanvas*)0x8a7ef30
(int)0
(class TCanvas*)0x8a7f098
(int)0
(class TCanvas*)0x8a7f200
(int)0
(class TCanvas*)0x8a7f368
(int)0
(class TCanvas*)0x8a7f4d0
(int)0
(class TCanvas*)0x8a7ea90
(int)0
(class TCanvas*)0x8a7ebf8
(int)0
(class TCanvas*)0x8a7ed60
(int)0
(class TCanvas*)0x8a7eec8
(int)0
(class TCanvas*)0x8a7f030
(int)0
(class TCanvas*)0x8a7f198
(int)0
(class TCanvas*)0x8a7f300
(int)0
(class TCanvas*)0x8a7f468
(int)0
(class TCanvas*)0x8a7ea18
(int)0
(class TCanvas*)0x8a7eb80
(int)0
(class TCanvas*)0x8a7ece8
(int)0
(class TCanvas*)0x8a7ee50
(int)0
(class TCanvas*)0x8a7efb8
(int)0
(class TCanvas*)0x8a7f120
(int)0
(class TCanvas*)0x8a7f288
(int)0
(class TCanvas*)0x8a7f3f0
(int)0
(class TCanvas*)0x8a7e990
(int)0
(class TCanvas*)0x8a7eaf8
(int)0
(class TCanvas*)0x8a7ec60
(int)0
(class TCanvas*)0x8a7edc8
(int)0
(class TCanvas*)0x8a7ef30
(int)0
(class TCanvas*)0x8a7f098
(int)0
(class TCanvas*)0x8a7f200
(int)0
(class TCanvas*)0x8a7f368
(int)0
(class TCanvas*)0x8a7f4d0
(int)0
(class TCanvas*)0x8a7ea90
(int)0
(class TCanvas*)0x8a7ebf8
(int)0
(class TCanvas*)0x8a7ed60
(int)0
(class TCanvas*)0x8a7eec8
(int)0
(class TCanvas*)0x8a7f030
(int)0
(class TCanvas*)0x8a7f198
(int)0
(class TCanvas*)0x8a7f300
(int)0
(class TCanvas*)0x8a7f468
(int)0
(class TCanvas*)0x8a7ea18
(int)0
(class TCanvas*)0x8a7eb80
(int)0
(class TCanvas*)0x8a7ece8
(int)0
(class TCanvas*)0x8a7ee50
(int)0
(class TCanvas*)0x8a7efb8
(int)0
(class TCanvas*)0x8a7f120
(int)0
(class TCanvas*)0x8a7f288
(int)0
(class TCanvas*)0x8a7f3f0
(int)0
(class TCanvas*)0x8a7e990
(int)0
(class TCanvas*)0x8a7eaf8
(int)0
(class TCanvas*)0x8a7ec60
(int)0
(class TCanvas*)0x8a7edc8
(int)0
(class TCanvas*)0x8a7ef30
(int)0
(class TCanvas*)0x8a7f098
(int)0
(class TCanvas*)0x8a7f200
(int)0
(class TCanvas*)0x8a7f368
(int)0
(class TCanvas*)0x8a7f4d0
(int)0
(class TCanvas*)0x8a7ea90
(int)0
(class TCanvas*)0x8a7ebf8
(int)0
(class TCanvas*)0x8a7ed60
(int)0
(class TCanvas*)0x8a7eec8
(int)0
(class TCanvas*)0x8a7f030
(int)0
(class TCanvas*)0x8a7f198
(int)0
(class TCanvas*)0x8a7f300
(int)0
(class TCanvas*)0x8a7f468
(int)0
(class TCanvas*)0x8a7ea18
(int)0
(class TCanvas*)0x8a7eb80
(int)0
(class TCanvas*)0x8a7ece8
(int)0
(class TCanvas*)0x8a7ee50
(int)0
(class TCanvas*)0x8a7efb8
(int)0
(class TCanvas*)0x8a7f120
(int)0
(class TCanvas*)0x8a7f288
(int)0
(class TCanvas*)0x8a7f3f0
(int)0
(class TCanvas*)0x8a7e990
(int)0
(class TCanvas*)0x8a7eaf8
(int)0
(class TCanvas*)0x8a7ec60
(int)0
(class TCanvas*)0x8a7edc8
(int)0
(class TCanvas*)0x8a7ef30
(int)0
(class TCanvas*)0x8a7f098
(int)0
(class TCanvas*)0x8a7f200
(int)0
(class TCanvas*)0x8a7f368
(int)0
(class TCanvas*)0x8a7f4d0
(int)0
(class TCanvas*)0x8a7ea90
(int)0
(class TCanvas*)0x8a7ebf8
(int)0
(class TCanvas*)0x8a7ed60
(int)0
(class TCanvas*)0x8a7eec8
(int)0
(class TCanvas*)0x8a7f030
(int)0
(class TCanvas*)0x8a7f198
(int)0
(class TCanvas*)0x8a7f300
(int)0
(class TCanvas*)0x8a7f468
(int)0
(class TCanvas*)0x8a7ea18
(int)0
(class TCanvas*)0x8a7eb80
(int)0
(class TCanvas*)0x8a7ece8
(int)0
(class TCanvas*)0x8a7ee50
(int)0
(class TCanvas*)0x8a7efb8
(int)0
(class TCanvas*)0x8a7f120
(int)0
(class TCanvas*)0x8a7f288
(int)0
(class TCanvas*)0x8a7f3f0
(int)0
(class TCanvas*)0x8a7e990
(int)0
(class TCanvas*)0x8a7eaf8
(int)0
(class TCanvas*)0x8a7ec60
(int)0
(class TCanvas*)0x8a7edc8
(int)0
(class TCanvas*)0x8a7ef30
(int)0
(class TCanvas*)0x8a7f098
(int)0
(class TCanvas*)0x8a7f200
(int)0
(class TCanvas*)0x8a7f368
(int)0
(class TCanvas*)0x8a7f4d0
(int)0
(class TCanvas*)0x8a7ea90
(int)0
(class TCanvas*)0x8a7ebf8
(int)0
(class TCanvas*)0x8a7ed60
(int)0
(class TCanvas*)0x8a7eec8
(int)0
(class TCanvas*)0x8a7f030
(int)0
(class TCanvas*)0x8a7f198
(int)0
(class TCanvas*)0x8a7f300
(int)0
(class TCanvas*)0x8a7f468
(int)0
(class TCanvas*)0x8a7ea18
(int)0
(class TCanvas*)0x8a7eb80
(int)0
(class TCanvas*)0x8a7ece8
(int)0
(class TCanvas*)0x8a7ee50
(int)0
(class TCanvas*)0x8a7efb8
(int)0
(class TCanvas*)0x8a7f120
(int)0
(class TCanvas*)0x8a7f288
(int)0
(class TCanvas*)0x8a7f3f0
(int)0
(class TCanvas*)0x8a7e990
(int)0
(class TCanvas*)0x8a7eaf8
(int)0
(class TCanvas*)0x8a7ec60
(int)0
(class TCanvas*)0x8a7edc8
(int)0
(class TCanvas*)0x8a7ef30
(int)0
(class TCanvas*)0x8a7f098
(int)0
(class TCanvas*)0x8a7f200
(int)0
(class TCanvas*)0x8a7f368
(int)0
(class TCanvas*)0x8a7f4d0
(int)0
(class TCanvas*)0x8a7ea90
(int)0
(class TCanvas*)0x8a7ebf8
(int)0
(class TCanvas*)0x8a7ed60
(int)0
(class TCanvas*)0x8a7eec8
(int)0
(class TCanvas*)0x8a7f030
(int)0
(class TCanvas*)0x8a7f198
(int)0
(class TCanvas*)0x8a7f300
(int)0
(class TCanvas*)0x8a7f468
(int)0
(class TCanvas*)0x8a7ea18
(int)0
(class TCanvas*)0x8a7eb80
(int)0
(class TCanvas*)0x8a7ece8
(int)0
(class TCanvas*)0x8a7ee50
(int)0
(class TCanvas*)0x8a7efb8
(int)0
(class TCanvas*)0x8a7f120
(int)0
(class TCanvas*)0x8a7f288
(int)0
(class TCanvas*)0x8a7f3f0
(int)0
(class TCanvas*)0x8a7e990
(int)0
(class TCanvas*)0x8a7eaf8
(int)0
(class TCanvas*)0x8a7ec60
(int)0
(class TCanvas*)0x8a7edc8
(int)0
(class TCanvas*)0x8a7ef30
(int)0
(class TCanvas*)0x8a7f098
(int)0
(class TCanvas*)0x8a7f200
(int)0
(class TCanvas*)0x8a7f368
(int)0
(class TCanvas*)0x8a7f4d0
(int)0
(class TCanvas*)0x8a7ea90
(int)0
(class TCanvas*)0x8a7ebf8
(int)0
(class TCanvas*)0x8a7ed60
(int)0
(class TCanvas*)0x8a7eec8
(int)0
(class TCanvas*)0x8a7f030
(int)0
(class TCanvas*)0x8a7f198
(int)0
(class TCanvas*)0x8a7f300
(int)0
(class TCanvas*)0x8a7f468
(int)0
(class TCanvas*)0x8a7ea18
(int)0
(class TCanvas*)0x8a7eb80
(int)0
(class TCanvas*)0x8a7ece8
(int)0
(class TCanvas*)0x8a7ee50
(int)0
(class TCanvas*)0x8a7efb8
(int)0
(class TCanvas*)0x8a7f120
(int)0
(class TCanvas*)0x8a7f288
(int)0
(class TCanvas*)0x8a7f3f0
(int)0
(class TCanvas*)0x8a7e990
(int)0
(class TCanvas*)0x8a7eaf8
(int)0
(class TCanvas*)0x8a7ec60
(int)0
(class TCanvas*)0x8a7edc8
(int)0
(class TCanvas*)0x8a7ef30
(int)0
(class TCanvas*)0x8a7f098
(int)0
(class TCanvas*)0x8a7f200
(int)0
(class TCanvas*)0x8a7f368
(int)0
(class TCanvas*)0x8a7f4d0
(int)0
(class TCanvas*)0x8a7ea90
(int)0
(class TCanvas*)0x8a7ebf8
(int)0
(class TCanvas*)0x8a7ed60
(int)0
(class TCanvas*)0x8a7eec8
(int)0
(class TCanvas*)0x8a7f030
(int)0
(class TCanvas*)0x8a7f198
(int)0
(class TCanvas*)0x8a7f300
(int)0
(class TCanvas*)0x8a7f468
(int)0
(class TCanvas*)0x8a7ea18
(int)0
(class TCanvas*)0x8a7eb80
(int)0
(class TCanvas*)0x8a7ece8
(int)0
(class TCanvas*)0x8a7ee50
(int)0
(class TCanvas*)0x8a7efb8
(int)0
(class TCanvas*)0x8a7f120
(int)0
(class TCanvas*)0x8a7f288
(int)0
(class TCanvas*)0x8a7f3f0
(int)0
(class TCanvas*)0x8a7e990
(int)0
(class TCanvas*)0x8a7eaf8
(int)0
(class TCanvas*)0x8a7ec60
(int)0
(class TCanvas*)0x8a7edc8
(int)0
(class TCanvas*)0x8a7ef30
(int)0
(class TCanvas*)0x8a7f098
(int)0
(class TCanvas*)0x8a7f200
(int)0
(class TCanvas*)0x8a7f368
(int)0
(class TCanvas*)0x8a7f4d0
(int)0
(class TCanvas*)0x8a7ea90
(int)0
(class TCanvas*)0x8a7ebf8
(int)0
(class TCanvas*)0x8a7ed60
(int)0
(class TCanvas*)0x8a7eec8
(int)0
(class TCanvas*)0x8a7f030
(int)0
(class TCanvas*)0x8a7f198
(int)0
(class TCanvas*)0x8a7f300
(int)0
(class TCanvas*)0x8a7f468
(int)0
(class TCanvas*)0x8a7ea18
(int)0
(class TCanvas*)0x8a7eb80
(int)0
(class TCanvas*)0x8a7ece8
(int)0
(class TCanvas*)0x8a7ee50
(int)0
(class TCanvas*)0x8a7efb8
(int)0
(class TCanvas*)0x8a7f120
(int)0
(class TCanvas*)0x8a7f288
(int)0
(class TCanvas*)0x8a7f3f0
(int)0
(class TCanvas*)0x8a7e990
(int)0
(class TCanvas*)0x8a7eaf8
(int)0
(class TCanvas*)0x8a7ec60
(int)0
(class TCanvas*)0x8a7edc8
(int)0
(class TCanvas*)0x8a7ef30
(int)0
(class TCanvas*)0x8a7f098
(int)0
(class TCanvas*)0x8a7f200
(int)0
(class TCanvas*)0x8a7f368
(int)0
(class TCanvas*)0x8a7f4d0
(int)0
(class TCanvas*)0x8a7ea90
(int)0
(class TCanvas*)0x8a7ebf8
(int)0
(class TCanvas*)0x8a7ed60
(int)0
(class TCanvas*)0x8a7eec8
(int)0
(class TCanvas*)0x8a7f030
(int)0
(class TCanvas*)0x8a7f198
(int)0
(class TCanvas*)0x8a7f300
(int)0
(class TCanvas*)0x8a7f468
(int)0
(class TCanvas*)0x8a7ea18
(int)0
(class TCanvas*)0x8a7eb80
(int)0
(class TCanvas*)0x8a7ece8
(int)0
(class TCanvas*)0x8a7ee50
(int)0
(class TCanvas*)0x8a7efb8
(int)0
(class TCanvas*)0x8a7f120
(int)0
(class TCanvas*)0x8a7f288
(int)0
(class TCanvas*)0x8a7f3f0
(int)0
(class TCanvas*)0x8a7e990
(int)0
(class TCanvas*)0x8a7eaf8
(int)0
(class TCanvas*)0x8a7ec60
(int)0
(class TCanvas*)0x8a7edc8
(int)0
(class TCanvas*)0x8a7ef30
(int)0
(class TCanvas*)0x8a7f098
(int)0
(class TCanvas*)0x8a7f200
(int)0
(class TCanvas*)0x8a7f368
(int)0
(class TCanvas*)0x8a7f4d0
(int)0
(class TCanvas*)0x8a7ea90
(int)0
(class TCanvas*)0x8a7ebf8
(int)0
(class TCanvas*)0x8a7ed60
(int)0
(class TCanvas*)0x8a7eec8
(int)0
(class TCanvas*)0x8a7f030
(int)0
(class TCanvas*)0x8a7f198
(int)0
(class TCanvas*)0x8a7f300
(int)0
(class TCanvas*)0x8a7f468
(int)0
(class TCanvas*)0x8a7ea18
(int)0
(class TCanvas*)0x8a7eb80
(int)0
(class TCanvas*)0x8a7ece8
(int)0
(class TCanvas*)0x8a7ee50
(int)0
(class TCanvas*)0x8a7efb8
(int)0
(class TCanvas*)0x8a7f120
(int)0
(class TCanvas*)0x8a7f288
(int)0
(class TCanvas*)0x8a7f3f0
(int)0
(class TCanvas*)0x8a7e990
(int)0
(class TCanvas*)0x8a7eaf8
(int)0
(class TCanvas*)0x8a7ec60
(int)0
(class TCanvas*)0x8a7edc8
(int)0
(class TCanvas*)0x8a7ef30
(int)0
(class TCanvas*)0x8a7f098
(int)0
(class TCanvas*)0x8a7f200
(int)0
(class TCanvas*)0x8a7f368
(int)0
(class TCanvas*)0x8a7f4d0
(int)0
(class TCanvas*)0x8a7ea90
(int)0
(class TCanvas*)0x8a7ebf8
(int)0
(class TCanvas*)0x8a7ed60
(int)0
(class TCanvas*)0x8a7eec8
(int)0
(class TCanvas*)0x8a7f030
(int)0
(class TCanvas*)0x8a7f198
(int)0
(class TCanvas*)0x8a7f300
(int)0
(class TCanvas*)0x8a7f468
(int)0
(class TCanvas*)0x8a7ea18
(int)0
(class TCanvas*)0x8a7eb80
(int)0
(class TCanvas*)0x8a7ece8
(int)0
(class TCanvas*)0x8a7ee50
(int)0
(class TCanvas*)0x8a7efb8
(int)0
(class TCanvas*)0x8a7f120
(int)0
(class TCanvas*)0x8a7f288
(int)0
(class TCanvas*)0x8a7f3f0
(int)0
(class TCanvas*)0x8a7e990
(int)0
(class TCanvas*)0x8a7eaf8
(int)0
(class TCanvas*)0x8a7ec60
(int)0
(class TCanvas*)0x8a7edc8
(int)0
(class TCanvas*)0x8a7ef30
(int)0
(class TCanvas*)0x8a7f098
(int)0
(class TCanvas*)0x8a7f200
(int)0
(class TCanvas*)0x8a7f368
(int)0
(class TCanvas*)0x8a7f4d0
(int)0
(class TCanvas*)0x8a7ea90
(int)0
(class TCanvas*)0x8a7ebf8
(int)0
(class TCanvas*)0x8a7ed60
(int)0
(class TCanvas*)0x8a7eec8
(int)0
(class TCanvas*)0x8a7f030
(int)0
(class TCanvas*)0x8a7f198
(int)0
(class TCanvas*)0x8a7f300
(int)0
(class TCanvas*)0x8a7f468
(int)0
(class TCanvas*)0x8a7ea18
(int)0
(class TCanvas*)0x8a7eb80
(int)0
(class TCanvas*)0x8a7ece8
(int)0
(class TCanvas*)0x8a7ee50
(int)0
(class TCanvas*)0x8a7efb8
(int)0
(class TCanvas*)0x8a7f120
(int)0
(class TCanvas*)0x8a7f288
(int)0
(class TCanvas*)0x8a7f3f0
(int)0
(class TCanvas*)0x8a7e990
(int)0
(class TCanvas*)0x8a7eaf8
(int)0
(class TCanvas*)0x8a7ec60
(int)0
(class TCanvas*)0x8a7edc8
(int)0
(class TCanvas*)0x8a7ef30
(int)0
(class TCanvas*)0x8a7f098
(int)0
(class TCanvas*)0x8a7f200
(int)0
(class TCanvas*)0x8a7f368
(int)0
(class TCanvas*)0x8a7f4d0
(int)0
(class TCanvas*)0x8a7ea90
(int)0
(class TCanvas*)0x8a7ebf8
(int)0
(class TCanvas*)0x8a7ed60
(int)0
(class TCanvas*)0x8a7eec8
(int)0
(class TCanvas*)0x8a7f030
(int)0
(class TCanvas*)0x8a7f198
(int)0
(class TCanvas*)0x8a7f300
(int)0
(class TCanvas*)0x8a7f468
(int)0
(class TCanvas*)0x8a7ea18
(int)0
(class TCanvas*)0x8a7eb80
(int)0
(class TCanvas*)0x8a7ece8
(int)0
(class TCanvas*)0x8a7ee50
(int)0
(class TCanvas*)0x8a7efb8
(int)0
(class TCanvas*)0x8a7f120
(int)0
(class TCanvas*)0x8a7f288
(int)0
(class TCanvas*)0x8a7f3f0
(int)0
(class TCanvas*)0x8a7e990
(int)0
(class TCanvas*)0x8a7eaf8
(int)0
(class TCanvas*)0x8a7ec60
(int)0
(class TCanvas*)0x8a7edc8
(int)0
(class TCanvas*)0x8a7ef30
(int)0
(class TCanvas*)0x8a7f098
(int)0
(class TCanvas*)0x8a7f200
(int)0
(class TCanvas*)0x8a7f368
(int)0
(class TCanvas*)0x8a7f4d0
(int)0
(class TCanvas*)0x8a7ea90
(int)0
(class TCanvas*)0x8a7ebf8
(int)0
(class TCanvas*)0x8a7ed60
(int)0
(class TCanvas*)0x8a7eec8
(int)0
(class TCanvas*)0x8a7f030
(int)0
(class TCanvas*)0x8a7f198
(int)0
(class TCanvas*)0x8a7f300
(int)0
(class TCanvas*)0x8a7f468
(int)0
(class TCanvas*)0x8a7ea18
(int)0
(class TCanvas*)0x8a7eb80
(int)0
(class TCanvas*)0x8a7ece8
(int)0
(class TCanvas*)0x8a7ee50
(int)0
(class TCanvas*)0x8a7efb8
(int)0
(class TCanvas*)0x8a7f120
(int)0
(class TCanvas*)0x8a7f288
(int)0
(class TCanvas*)0x8a7f3f0
(int)0
(class TCanvas*)0x8a7e990
(int)0
(class TCanvas*)0x8a7eaf8
(int)0
(class TCanvas*)0x8a7ec60
(int)0
(class TCanvas*)0x8a7edc8
(int)0
(class TCanvas*)0x8a7ef30
(int)0
(class TCanvas*)0x8a7f098
(int)0
(class TCanvas*)0x8a7f200
(int)0
(class TCanvas*)0x8a7f368
(int)0
(class TCanvas*)0x8a7f4d0
(int)0
(class TCanvas*)0x8a7ea90
(int)0
(class TCanvas*)0x8a7ebf8
(int)0
(class TCanvas*)0x8a7ed60
(int)0
(class TCanvas*)0x8a7eec8
(int)0
(class TCanvas*)0x8a7f030
(int)0
(class TCanvas*)0x8a7f198
(int)0
(class TCanvas*)0x8a7f300
(int)0
(class TCanvas*)0x8a7f468
(int)0
(class TCanvas*)0x8a7ea18
(int)0
(class TCanvas*)0x8a7eb80
(int)0
(class TCanvas*)0x8a7ece8
(int)0
(class TCanvas*)0x8a7ee50
(int)0
(class TCanvas*)0x8a7efb8
(int)0
(class TCanvas*)0x8a7f120
(int)0
(class TCanvas*)0x8a7f288
(int)0
(class TCanvas*)0x8a7f3f0
(int)0
(class TCanvas*)0x8a7e990
(int)0
(class TCanvas*)0x8a7eaf8
(int)0
(class TCanvas*)0x8a7ec60
(int)0
(class TCanvas*)0x8a7edc8
(int)0
(class TCanvas*)0x8a7ef30
(int)0
(class TCanvas*)0x8a7f098
(int)0
(class TCanvas*)0x8a7f200
(int)0
(class TCanvas*)0x8a7f368
(int)0
(class TCanvas*)0x8a7f4d0
(int)0
(class TCanvas*)0x8a7ea90
(int)0
(class TCanvas*)0x8a7ebf8
(int)0
(class TCanvas*)0x8a7ed60
(int)0
(class TCanvas*)0x8a7eec8
(int)0
(class TCanvas*)0x8a7f030
(int)0
(class TCanvas*)0x8a7f198
(int)0
(class TCanvas*)0x8a7f300
(int)0
(class TCanvas*)0x8a7f468
(int)0
(class TCanvas*)0x8a7ea18
(int)0
(class TCanvas*)0x8a7eb80
(int)0
(class TCanvas*)0x8a7ece8
(int)0
(class TCanvas*)0x8a7ee50
(int)0
(class TCanvas*)0x8a7efb8
(int)0
(class TCanvas*)0x8a7f120
(int)0
(class TCanvas*)0x8a7f288
(int)0
(class TCanvas*)0x8a7f3f0
(int)0
(class TCanvas*)0x8a7e990
(int)0
(class TCanvas*)0x8a7eaf8
(int)0
(class TCanvas*)0x8a7ec60
(int)0
(class TCanvas*)0x8a7edc8
(int)0
(class TCanvas*)0x8a7ef30
(int)0
(class TCanvas*)0x8a7f098
(int)0
(class TCanvas*)0x8a7f200
(int)0
(class TCanvas*)0x8a7f368
(int)0
(class TCanvas*)0x8a7f4d0
(int)0
(class TCanvas*)0x8a7ea90
(int)0
(class TCanvas*)0x8a7ebf8
(int)0
(class TCanvas*)0x8a7ed60
(int)0
(class TCanvas*)0x8a7eec8
(int)0
(class TCanvas*)0x8a7f030
(int)0
(class TCanvas*)0x8a7f198
(int)0
(class TCanvas*)0x8a7f300
(int)0
(class TCanvas*)0x8a7f468
(int)0
(class TCanvas*)0x8a7ea18
(int)0
(class TCanvas*)0x8a7eb80
(int)0
(class TCanvas*)0x8a7ece8
(int)0
(class TCanvas*)0x8a7ee50
(int)0
(class TCanvas*)0x8a7efb8
(int)0
(class TCanvas*)0x8a7f120
(int)0
(class TCanvas*)0x8a7f288
(int)0
(class TCanvas*)0x8a7f3f0
(int)0
(class TCanvas*)0x8a7e990
(int)0
(class TCanvas*)0x8a7eaf8
(int)0
(class TCanvas*)0x8a7ec60
(int)0
(class TCanvas*)0x8a7edc8
(int)0
(class TCanvas*)0x8a7ef30
(int)0
(class TCanvas*)0x8a7f098
(int)0
(class TCanvas*)0x8a7f200
(int)0
(class TCanvas*)0x8a7f368
(int)0
(class TCanvas*)0x8a7f4d0
(int)0
(class TCanvas*)0x8a7ea90
(int)0
(class TCanvas*)0x8a7ebf8
(int)0
(class TCanvas*)0x8a7ed60
(int)0
(class TCanvas*)0x8a7eec8
(int)0
(class TCanvas*)0x8a7f030
(int)0
(class TCanvas*)0x8a7f198
(int)0
(class TCanvas*)0x8a7f300
(int)0
(class TCanvas*)0x8a7f468
(int)0
(class TCanvas*)0x8a7ea18
(int)0
(class TCanvas*)0x8a7eb80
(int)0
(class TCanvas*)0x8a7ece8
(int)0
(class TCanvas*)0x8a7ee50
(int)0
(class TCanvas*)0x8a7efb8
(int)0
(class TCanvas*)0x8a7f120
(int)0
(class TCanvas*)0x8a7f288
(int)0
(class TCanvas*)0x8a7f3f0
(int)0
(class TCanvas*)0x8a7e990
(int)0
(class TCanvas*)0x8a7eaf8
(int)0
(class TCanvas*)0x8a7ec60
(int)0
(class TCanvas*)0x8a7edc8
(int)0
(class TCanvas*)0x8a7ef30
(int)0
(class TCanvas*)0x8a7f098
(int)0
(class TCanvas*)0x8a7f200
(int)0
(class TCanvas*)0x8a7f368
(int)0
(class TCanvas*)0x8a7f4d0
(int)0
(class TCanvas*)0x8a7ea90
(int)0
(class TCanvas*)0x8a7ebf8
(int)0
(class TCanvas*)0x8a7ed60
(int)0
(class TCanvas*)0x8a7eec8
(int)0
(class TCanvas*)0x8a7f030
(int)0
(class TCanvas*)0x8a7f198
(int)0
(class TCanvas*)0x8a7f300
(int)0
(class TCanvas*)0x8a7f468
(int)0


































































































































































































































































































































































































































































































































































































































































































































































































































(TCanvas *) @0x7fff90a9c558
(int) 0
(TCanvas *) @0x7ffc4096f588
(int) 0
(TCanvas *) @0x7ffebc8ba588
(int) 0
(TCanvas *) @0x7ffedbf55c78
(int) 0
(TCanvas *) @0x7ffff1950eb8
(int) 0
(TCanvas *) @0x7fff0f7d1858
(int) 0
(TCanvas *) @0x7ffce1eea6d8
(int) 0
(TCanvas *) @0x7ffefd412f28
(int) 0
(TCanvas *) @0x7ffe75f703f8
(int) 0
(TCanvas *) @0x7ffd1308afd8
(int) 0
(TCanvas *) @0x7ffff974d698
(int) 0
(TCanvas *) @0x7fff21012e88
(int) 0
(TCanvas *) @0x7fffef788768
(int) 0
(TCanvas *) @0x7ffcd98c98e8
(int) 0
(TCanvas *) @0x7ffe6fe193c8
(int) 0
(TCanvas *) @0x7ffd40f05178
(int) 0
(TCanvas *) @0x7fff7eaf4a08
(int) 0
(TCanvas *) @0x7ffdf3573cd8
(int) 0
(TCanvas *) @0x7fffc81d9578
(int) 0
(TCanvas *) @0x7ffc2d4a50e8
(int) 0
(TCanvas *) @0x7ffdd7a63328
(int) 0
(TCanvas *) @0x7ffea691fbb8
(int) 0
(TCanvas *) @0x7ffd7efdcaf8
(int) 0
(TCanvas *) @0x7ffe293cc9d8
(int) 0
(TCanvas *) @0x7ffe11be9f68
(int) 0
(TCanvas *) @0x7ffd53a7cb38
(int) 0
(TCanvas *) @0x7fff348d4568
(int) 0
(TCanvas *) @0x7ffde0b96008
(int) 0
(TCanvas *) @0x7ffdb4c2b468
(int) 0
(TCanvas *) @0x7ffd243ce868
(int) 0
(TCanvas *) @0x7ffe89eb55e8
(int) 0
(TCanvas *) @0x7ffdefddbce8
(int) 0
(TCanvas *) @0x7ffee21f6ad8
(int) 0
(TCanvas *) @0x7ffe58428d38
(int) 0
(TCanvas *) @0x7ffea88eb178
(int) 0
(TCanvas *) @0x7ffe2c64ab48
(int) 0
(TCanvas *) @0x7ffd380098c8
(int) 0
(TCanvas *) @0x7fff60ccdb78
(int) 0
(TCanvas *) @0x7fff09920b58
(int) 0
(TCanvas *) @0x7ffea92ef3c8
(int) 0
(TCanvas *) @0x7fffd7bf97c8
(int) 0
(TCanvas *) @0x7ffcd84d4748
(int) 0
(TCanvas *) @0x7ffe77965008
(int) 0
(TCanvas *) @0x7fffe96806c8
(int) 0
(TCanvas *) @0x7fff30f10958
(int) 0
(TCanvas *) @0x7ffefb4e5f18
(int) 0
(TCanvas *) @0x7fffeca366c8
(int) 0
(TCanvas *) @0x7ffffdf8add8
(int) 0
(TCanvas *) @0x7ffc3077acd8
(int) 0
(TCanvas *) @0x7ffceb27cb88
(int) 0
(TCanvas *) @0x7ffddf0b4a88
(int) 0
(TCanvas *) @0x7ffe2b151fb8
(int) 0
(TCanvas *) @0x7ffeb806c788
(int) 0
(TCanvas *) @0x7ffeab99f2e8
(int) 0
(TCanvas *) @0x7ffda073e2e8
(int) 0
(TCanvas *) @0x7fff477c1958
(int) 0
(TCanvas *) @0x7ffda6757fa8
(int) 0
(TCanvas *) @0x7ffc8ebe9cc8
(int) 0
(TCanvas *) @0x7ffe7892e9c8
(int) 0
(TCanvas *) @0x7ffc4aec4e48
(int) 0
(TCanvas *) @0x7fff61da0208
(int) 0
(TCanvas *) @0x7ffdbc88ea18
(int) 0
(TCanvas *) @0x7ffcf3e11858
(int) 0
(TCanvas *) @0x7ffd737d7238
(int) 0
(TCanvas *) @0x7ffdb869f018
(int) 0
(TCanvas *) @0x7ffee80f0d98
(int) 0
(TCanvas *) @0x7fffd4b50f08
(int) 0
(TCanvas *) @0x7ffd3c0adbc8
(int) 0
(TCanvas *) @0x7ffe7cbecaa8
(int) 0
(TCanvas *) @0x7ffec4b5d2b8
(int) 0
(TCanvas *) @0x7ffe13891428
(int) 0
(TCanvas *) @0x7fffb3041908
(int) 0
(TCanvas *) @0x7ffcc4833ca8
(int) 0
(TCanvas *) @0x7ffe9540c358
(int) 0
(TCanvas *) @0x7ffee736af08
(int) 0
(TCanvas *) @0x7ffecf6fe618
(int) 0
(TCanvas *) @0x7ffd14e6dc88
(int) 0
(TCanvas *) @0x7ffc8ab13708
(int) 0
(TCanvas *) @0x7ffda85d7358
(int) 0
(TCanvas *) @0x7ffd60663028
(int) 0
(TCanvas *) @0x7ffd94ca2858
(int) 0
(TCanvas *) @0x7fffc550e1b8
(int) 0
(TCanvas *) @0x7fff12291db8
(int) 0
(TCanvas *) @0x7ffe33193c38
(int) 0
(TCanvas *) @0x7ffd7ade6228
(int) 0
(TCanvas *) @0x7ffffc9f4fc8
(int) 0
(TCanvas *) @0x7ffc0df1c238
(int) 0
(TCanvas *) @0x7ffe4c5dfdd8
(int) 0
(TCanvas *) @0x7ffef3ccb848
(int) 0
(TCanvas *) @0x7ffdbd8f6c38
(int) 0
(TCanvas *) @0x7ffe653a51b8
(int) 0
(TCanvas *) @0x7ffe65dc64b8
(int) 0
(TCanvas *) @0x7ffe1fa95b48
(int) 0
(TCanvas *) @0x7ffe42c8bf28
(int) 0
(TCanvas *) @0x7ffe8b4d1ef8
(int) 0
(TCanvas *) @0x7ffcafc51bc8
(int) 0
(TCanvas *) @0x7ffe2ae10038
(int) 0
(TCanvas *) @0x7fff6832ae48
(int) 0
(TCanvas *) @0x7ffc4f170978
(int) 0
(TCanvas *) @0x7fff99164fe8
(int) 0
(TCanvas *) @0x7ffe99bf6d18
(int) 0
(TCanvas *) @0x7fff91bee248
(int) 0
(TCanvas *) @0x7ffe2d29d0d8
(int) 0
(TCanvas *) @0x7ffd596df308
(int) 0
(TCanvas *) @0x7ffcff97c1e8
(int) 0
(TCanvas *) @0x7fff796b1538
(int) 0
(TCanvas *) @0x7ffcec30f788
(int) 0
(TCanvas *) @0x7ffc1dc2cc38
(int) 0
(TCanvas *) @0x7ffc1756c188
(int) 0
(TCanvas *) @0x7ffd00f360a8
(int) 0
(TCanvas *) @0x7ffca0901618
(int) 0
(TCanvas *) @0x7ffe70412158
(int) 0
(TCanvas *) @0x7ffdd78712c8
(int) 0
(TCanvas *) @0x7ffcbc3b7598
(int) 0
(TCanvas *) @0x7fff459e1de8
(int) 0
(TCanvas *) @0x7ffd31dad758
(int) 0
(TCanvas *) @0x7ffeda7080d8
(int) 0
(TCanvas *) @0x7fffb98b0808
(int) 0
(TCanvas *) @0x7ffceab12e68
(int) 0
(TCanvas *) @0x7ffde7e2b4b8
(int) 0
(TCanvas *) @0x7ffd4d53eb08
(int) 0
(TCanvas *) @0x7ffeab8b2e58
(int) 0
(TCanvas *) @0x7fff53f37548
(int) 0
(TCanvas *) @0x7ffd50344368
(int) 0
(TCanvas *) @0x7ffffed54f28
(int) 0
(TCanvas *) @0x7ffd8dd6c488
(int) 0
(TCanvas *) @0x7ffd2a9fd288
(int) 0
(TCanvas *) @0x7ffc19ee0158
(int) 0
(TCanvas *) @0x7ffeae809d18
(int) 0
(TCanvas *) @0x7ffe70465b18
(int) 0
(TCanvas *) @0x7ffc45c6bcc8
(int) 0
(TCanvas *) @0x7ffc0dbbdc48
(int) 0
(TCanvas *) @0x7ffe6cecca38
(int) 0
(TCanvas *) @0x7ffc6a6f2358
(int) 0
(TCanvas *) @0x7ffc4f923a98
(int) 0
(TCanvas *) @0x7ffeeae837c8
(int) 0
(TCanvas *) @0x7ffe931834f8
(int) 0
(TCanvas *) @0x7ffead268778
(int) 0
(TCanvas *) @0x7ffd376bfb58
(int) 0
(TCanvas *) @0x7ffca7b8a418
(int) 0
(TCanvas *) @0x7ffc28116a18
(int) 0
(TCanvas *) @0x7fffff33c6c8
(int) 0
(TCanvas *) @0x7ffd4585a8c8
(int) 0
(TCanvas *) @0x7ffc314ae618
(int) 0
(TCanvas *) @0x7ffc52864e58
(int) 0
(TCanvas *) @0x7ffe2023d508
(int) 0
(TCanvas *) @0x7ffd0813ee88
(int) 0
(TCanvas *) @0x7ffc0019b638
(int) 0
(TCanvas *) @0x7ffda47f2378
(int) 0
(TCanvas *) @0x7ffcb6d30038
(int) 0
(TCanvas *) @0x7ffe6592c828
(int) 0
(TCanvas *) @0x7fff79c58408
(int) 0
(TCanvas *) @0x7fff75dcc368
(int) 0
(TCanvas *) @0x7ffe755d8dd8
(int) 0
(TCanvas *) @0x7ffcff672828
(int) 0
(TCanvas *) @0x7ffd94d4a588
(int) 0
(TCanvas *) @0x7fffeee45748
(int) 0
(TCanvas *) @0x7ffe204f1bd8
(int) 0
(TCanvas *) @0x7ffd25f37b18
(int) 0
(TCanvas *) @0x7ffd1b5e1b38
(int) 0
(TCanvas *) @0x7ffffe969858
(int) 0
(TCanvas *) @0x7ffd5285db38
(int) 0
(TCanvas *) @0x7fffe050fa78
(int) 0
(TCanvas *) @0x7fff5c790038
(int) 0
(TCanvas *) @0x7ffc972e8698
(int) 0
(TCanvas *) @0x7ffebddb3ba8
(int) 0
(TCanvas *) @0x7ffdc6a20dc8
(int) 0
(TCanvas *) @0x7fff27c98468
(int) 0
(TCanvas *) @0x7ffd672147d8
(int) 0
(TCanvas *) @0x7ffed4f6dc28
(int) 0
(TCanvas *) @0x7fff6444dd58
(int) 0
(TCanvas *) @0x7fff93d31538
(int) 0
(TCanvas *) @0x7ffc8325fe18
(int) 0
(TCanvas *) @0x7ffd1e4476c8
(int) 0
(TCanvas *) @0x7ffee00e0338
(int) 0
(TCanvas *) @0x7ffd1623c3f8
(int) 0
(TCanvas *) @0x7ffe5a773f48
(int) 0
(TCanvas *) @0x7ffee40c04e8
(int) 0
(TCanvas *) @0x7ffda21cb788
(int) 0
(TCanvas *) @0x7ffcb45f8c68
(int) 0
(TCanvas *) @0x7ffed7c84d48
(int) 0
(TCanvas *) @0x7ffc27446be8
(int) 0
(TCanvas *) @0x7ffc87f22268
(int) 0
(TCanvas *) @0x7fff261f53c8
(int) 0
(TCanvas *) @0x7ffeb9f0ec28
(int) 0
(TCanvas *) @0x7fff1839a5d8
(int) 0
(TCanvas *) @0x7ffea0578508
(int) 0
(TCanvas *) @0x7fffedc58ce8
(int) 0
(TCanvas *) @0x7ffed9814b78
(int) 0
(TCanvas *) @0x7fffb760c208
(int) 0
(TCanvas *) @0x7ffdf711a1e8
(int) 0
(TCanvas *) @0x7ffd6f901d18
(int) 0
(TCanvas *) @0x7ffe2bc79948
(int) 0
(TCanvas *) @0x7ffd9686ef28
(int) 0
(TCanvas *) @0x7ffebaf0ee28
(int) 0
(TCanvas *) @0x7fff1fd60c38
(int) 0
(TCanvas *) @0x7ffdc74ea7f8
(int) 0
(TCanvas *) @0x7ffea66776a8
(int) 0
(TCanvas *) @0x7ffdefe934b8
(int) 0
(TCanvas *) @0x7ffca0a4e1b8
(int) 0
(TCanvas *) @0x7ffefe54ad98
(int) 0
(TCanvas *) @0x7ffe1a318488
(int) 0
(TCanvas *) @0x7ffdfabf1078
(int) 0
(TCanvas *) @0x7fff45722bb8
(int) 0
(TCanvas *) @0x7ffc50d4d948
(int) 0
(TCanvas *) @0x7ffe8c691a48
(int) 0
(TCanvas *) @0x7fff825860d8
(int) 0
(TCanvas *) @0x7ffdb07c7018
(int) 0
(TCanvas *) @0x7fff7879e9a8
(int) 0
(TCanvas *) @0x7ffd29472d98
(int) 0
(TCanvas *) @0x7ffc5f1bf878
(int) 0
(TCanvas *) @0x7ffdf39f6688
(int) 0
(TCanvas *) @0x7ffeb6665768
(int) 0
(TCanvas *) @0x7ffca6294788
(int) 0
(TCanvas *) @0x7ffc14426c78
(int) 0
(TCanvas *) @0x7ffeeda739b8
(int) 0
(TCanvas *) @0x7ffe4e3dc458
(int) 0
(TCanvas *) @0x7ffef32c7a38
(int) 0
(TCanvas *) @0x7ffcaff14928
(int) 0
(TCanvas *) @0x7ffc4bb3d778
(int) 0
(TCanvas *) @0x7ffd48baca28
(int) 0
(TCanvas *) @0x7ffc05802058
(int) 0
(TCanvas *) @0x7ffc8b9fcc58
(int) 0
(TCanvas *) @0x7ffedba62458
(int) 0
(TCanvas *) @0x7ffeddbed208
(int) 0
(TCanvas *) @0x7ffc5bcf24a8
(int) 0
(TCanvas *) @0x7ffea2dcef18
(int) 0
(TCanvas *) @0x7ffd5420a308
(int) 0
(TCanvas *) @0x7ffd4cd0c158
(int) 0
(TCanvas *) @0x7ffcd22afd98
(int) 0
(TCanvas *) @0x7ffc0c773728
(int) 0
(TCanvas *) @0x7ffe2a48a638
(int) 0
(TCanvas *) @0x7ffe29e328b8
(int) 0
(TCanvas *) @0x7ffe8b29ac88
(int) 0
(TCanvas *) @0x7fff0ec60f38
(int) 0
(TCanvas *) @0x7ffcde06bb58
(int) 0
(TCanvas *) @0x7ffc044da6d8
(int) 0
(TCanvas *) @0x7fffd26f96d8
(int) 0
(TCanvas *) @0x7ffe0666c4b8
(int) 0
(TCanvas *) @0x7ffd7dd07fc8
(int) 0
(TCanvas *) @0x7ffda5118038
(int) 0
(TCanvas *) @0x7ffcfc408938
(int) 0
(TCanvas *) @0x7ffdbcde0cc8
(int) 0
(TCanvas *) @0x7fff5887a0d8
(int) 0
(TCanvas *) @0x7ffdcd693408
(int) 0
(TCanvas *) @0x7ffdfc292628
(int) 0
(TCanvas *) @0x7fff6a4ae3b8
(int) 0
(TCanvas *) @0x7ffe8677d148
(int) 0
(TCanvas *) @0x7ffd06b0fce8
(int) 0
(TCanvas *) @0x7ffc486acb28
(int) 0
(TCanvas *) @0x7fffdcffca88
(int) 0
(TCanvas *) @0x7ffc8f140798
(int) 0
(TCanvas *) @0x7ffcd38f9fb8
(int) 0
(TCanvas *) @0x7fff4095e378
(int) 0
(TCanvas *) @0x7ffeb007be48
(int) 0
(TCanvas *) @0x7ffd295d3fe8
(int) 0
(TCanvas *) @0x7ffd4f66d738
(int) 0
(TCanvas *) @0x7ffea3535818
(int) 0
(TCanvas *) @0x7fff6c0e4e08
(int) 0
(TCanvas *) @0x7fff8c8cdc68
(int) 0
(TCanvas *) @0x7ffcea6c8c38
(int) 0
(TCanvas *) @0x7ffe227a1aa8
(int) 0
(TCanvas *) @0x7ffe976d4d38
(int) 0
(TCanvas *) @0x7fff9a595af8
(int) 0
(TCanvas *) @0x7fffd57e2128
(int) 0
(TCanvas *) @0x7fff8e1dee28
(int) 0
(TCanvas *) @0x7ffd6b2d8898
(int) 0
(TCanvas *) @0x7ffce60fe5a8
(int) 0
(TCanvas *) @0x7fff635064d8
(int) 0
(TCanvas *) @0x7fff75e75eb8
(int) 0
(TCanvas *) @0x7fff3c0f7fa8
(int) 0
(TCanvas *) @0x7ffc4792e278
(int) 0
(TCanvas *) @0x7fff473e61d8
(int) 0
(TCanvas *) @0x7ffc18ffb298
(int) 0
(TCanvas *) @0x7ffeb68228a8
(int) 0
(TCanvas *) @0x7ffc7f2367a8
(int) 0
(TCanvas *) @0x7ffd84734a18
(int) 0
(TCanvas *) @0x7ffddcf3cda8
(int) 0
(TCanvas *) @0x7ffc06419e68
(int) 0
(TCanvas *) @0x7ffea6932038
(int) 0
(TCanvas *) @0x7ffe39e8afb8
(int) 0
(TCanvas *) @0x7ffcf8326018
(int) 0
(TCanvas *) @0x7ffe15463ef8
(int) 0
(TCanvas *) @0x7fffd3944ef8
(int) 0
(TCanvas *) @0x7ffcb22cfe68
(int) 0
